2024-10-28T06:44:02.891Z - POST /api/auth/register
2024-10-28T06:46:19.692Z - POST /api/auth/register
2024-10-28T06:46:31.766Z - POST /api/auth/register
2024-10-28T06:46:39.273Z - POST /api/auth/register
2024-10-28T06:47:20.960Z - POST /api/auth/register
2024-10-28T06:47:54.863Z - POST /api/auth/register
2024-10-28T06:48:09.616Z - POST /api/auth/login
2024-10-28T06:48:14.304Z - POST /api/auth/login
2024-10-28T06:48:33.529Z - POST /api/auth/login
2024-10-28T06:50:02.939Z - POST /api/auth/login
2024-10-28T06:50:14.134Z - GET /api/user/profile
2024-10-28T06:50:14.297Z - GET /api/user/profile
2024-10-28T06:50:42.740Z - PUT /api/user/profile
2024-10-28T06:57:58.067Z - PUT /api/user/profile
2024-10-28T06:58:03.275Z - PUT /api/user/profile
2024-10-28T07:04:06.459Z - POST /api/user/profile
2024-10-28T07:04:11.161Z - PUT /api/user/profile
2024-10-28T07:07:58.522Z - PUT /api/user/profile
2024-10-28T07:10:46.151Z - PUT /api/user/profile
2024-10-28T07:13:44.638Z - PUT /api/user/profile
2024-10-28T07:14:34.970Z - PUT /api/user/profile
2024-10-28T07:19:47.533Z - PUT /api/user/profile
2024-10-28T07:22:03.151Z - PUT /api/user/profile
2024-10-28T07:23:57.771Z - POST /api/user/login
2024-10-28T07:24:40.788Z - POST /api/auth/login
2024-10-28T07:25:32.044Z - PUT /api/user/profile
2024-10-28T07:26:14.049Z - PUT /api/user/profile
2024-10-28T07:26:41.309Z - PUT /api/user/profile
2024-10-28T07:26:56.254Z - POST /api/auth/login
2024-10-28T07:27:03.688Z - GET /api/user/profile
2024-10-28T07:27:03.933Z - GET /api/user/profile
2024-10-28T07:27:14.839Z - PUT /api/user/profile
2024-10-28T07:27:21.523Z - PUT /api/user/profile
2024-10-28T07:27:24.883Z - PUT /api/user/profile
2024-10-28T07:27:35.566Z - PUT /api/user/profile
2024-10-28T07:27:36.460Z - PUT /api/user/profile
2024-10-28T07:27:47.561Z - PUT /api/user/profile
2024-10-28T07:28:37.072Z - POST /api/auth/login
2024-10-28T07:28:40.901Z - GET /api/user/profile
2024-10-28T07:28:41.125Z - GET /api/user/profile
2024-10-28T07:28:56.689Z - PUT /api/user/profile
2024-10-28T07:29:03.916Z - PUT /api/user/profile
2024-10-28T07:29:12.777Z - PUT /api/user/profile
2024-10-28T07:29:20.504Z - PUT /api/user/profile
2024-10-28T07:29:56.985Z - PUT /api/user/profile
2024-10-28T07:30:15.092Z - PUT /api/user/profile
2024-10-28T07:30:37.883Z - POST /api/auth/login
2024-10-28T07:30:42.589Z - GET /api/user/profile
2024-10-28T07:30:42.716Z - GET /api/user/profile
2024-10-28T07:30:48.491Z - PUT /api/user/profile
2024-10-28T07:30:55.112Z - PUT /api/user/profile
2024-10-28T07:31:00.569Z - PUT /api/user/profile
2024-10-28T07:31:05.762Z - PUT /api/user/profile
2024-10-28T07:31:07.251Z - PUT /api/user/profile
2024-10-28T07:31:33.306Z - PUT /api/user/profile
2024-10-28T07:31:46.361Z - PUT /api/user/profile
2024-10-28T07:31:58.194Z - GET /api/user/profile
2024-10-28T07:31:58.308Z - GET /api/user/profile
2024-10-28T07:32:01.837Z - PUT /api/user/profile
2024-10-28T07:32:05.923Z - GET /api/user/profile
2024-10-28T07:32:06.033Z - GET /api/user/profile
2024-10-28T07:32:17.041Z - PUT /api/user/profile
2024-10-28T07:32:24.311Z - PUT /api/user/profile
2024-10-28T07:32:31.736Z - GET /api/user/profile
2024-10-28T07:32:31.868Z - GET /api/user/profile
2024-10-28T07:32:37.904Z - PUT /api/user/profile
2024-10-28T07:32:47.319Z - PUT /api/user/profile
2024-10-28T07:32:52.356Z - GET /api/user/profile
2024-10-28T07:32:52.583Z - GET /api/user/profile
2024-10-28T07:32:57.136Z - PUT /api/user/profile
2024-10-28T07:33:10.256Z - PUT /api/user/profile
2024-10-28T07:33:14.284Z - GET /api/user/profile
2024-10-28T07:33:14.425Z - GET /api/user/profile
2024-10-28T07:33:18.510Z - PUT /api/user/profile
2024-10-28T07:33:27.934Z - PUT /api/user/profile
2024-10-28T07:34:37.725Z - GET /api/user/profile
2024-10-28T07:34:37.964Z - GET /api/user/profile
2024-10-28T07:34:47.238Z - GET /api/user/profile
2024-10-28T07:34:47.362Z - GET /api/user/profile
2024-10-28T07:37:39.227Z - POST /api/ai/recommendations
2024-10-28T07:37:39.230Z - POST /api/ai/recommendations
2024-10-28T07:37:59.549Z - POST /api/ai/recommendations
2024-10-28T07:37:59.548Z - POST /api/ai/recommendations
2024-10-28T08:10:04.492Z - POST /api/ai/recommendations
2024-10-28T13:17:30.472Z - POST /api/auth/login
2024-10-28T13:17:53.422Z - POST /api/auth/register
2024-10-28T13:18:07.209Z - POST /api/auth/login
2024-10-28T13:18:10.534Z - GET /api/user/profile
2024-10-28T13:18:10.782Z - GET /api/user/profile
2024-10-28T13:18:13.114Z - POST /api/ai/recommendations
2024-10-28T13:18:13.116Z - POST /api/ai/recommendations
2024-10-28T13:18:51.816Z - POST /api/ai/recommendations
2024-10-28T13:20:35.914Z - POST /api/ai/recommendations
2024-10-28T13:20:41.516Z - POST /api/ai/recommendations
2024-10-28T13:20:41.521Z - POST /api/ai/recommendations
2024-10-28T13:38:11.372Z - POST /api/ai/recommendations
2024-10-28T13:38:33.309Z - POST /api/ai/recommendations
2024-10-28T13:38:33.314Z - POST /api/ai/recommendations
2024-10-28T13:42:29.024Z - POST /api/ai/recommendations
2024-10-28T13:42:29.054Z - POST /api/ai/recommendations
2024-10-28T13:48:41.019Z - POST /api/ai/recommendations
2024-10-28T13:56:02.090Z - POST /api/auth/login
2024-10-28T13:58:23.344Z - POST /api/ai/recommendations
2024-10-28T13:59:43.362Z - POST /api/ai/recommendations
2024-10-28T14:04:18.174Z - POST /api/ai/recommendations
2024-10-28T14:17:47.928Z - POST /api/ai/recommendations
2024-10-28T14:25:56.575Z - POST /api/ai/recommendations
2024-10-28T15:27:52.958Z - POST /api/auth/login
2024-10-28T15:27:57.538Z - GET /api/user/profile
2024-10-28T15:27:57.809Z - GET /api/user/profile
2024-10-28T15:28:20.369Z - POST /api/ai/recommendations
2024-10-28T15:31:01.691Z - POST /api/ai/recommendations
2024-10-28T15:32:20.827Z - POST /api/ai/recommendations
2024-10-28T15:33:27.731Z - POST /api/ai/recommendations
2024-10-28T15:34:56.184Z - POST /api/auth/login
2024-10-28T15:38:02.615Z - POST /api/ai/recommendations
2024-10-28T15:39:12.947Z - POST /api/ai/recommendations
2024-10-28T15:40:02.963Z - POST /api/ai/recommendations
2024-10-28T15:41:07.468Z - POST /api/ai/recommendations
2024-10-28T15:45:40.830Z - POST /api/auth/login
2024-10-28T15:45:44.386Z - GET /api/user/profile
2024-10-28T15:45:44.559Z - GET /api/user/profile
2024-10-28T15:46:05.432Z - POST /api/ai/recommendations
2024-10-28T15:53:01.815Z - POST /api/ai/recommendations
2024-10-28T15:54:05.683Z - POST /api/ai/recommendations
2024-10-28T15:55:44.940Z - POST /api/ai/recommendations
2024-10-28T15:57:20.797Z - POST /api/auth/login
2024-10-28T15:58:13.679Z - POST /api/ai/recommendations
2024-10-28T15:58:59.197Z - POST /api/ai/recommendations
2024-10-28T16:01:46.603Z - POST /api/auth/login
2024-10-28T16:03:55.789Z - POST /api/ai/recommendations
2024-10-28T16:07:18.734Z - POST /api/auth/login
2024-10-28T16:09:30.104Z - POST /api/ai/recommendations
2024-10-28T16:13:19.246Z - POST /api/ai/recommendations
2024-10-28T16:15:33.730Z - POST /api/ai/recommendations
2024-10-28T16:18:24.753Z - POST /api/ai/recommendations
2024-10-28T16:22:25.494Z - POST /api/ai/recommendations
2024-10-28T17:38:24.342Z - POST /api/ai/recommendations
2024-10-28T17:38:50.572Z - POST /api/auth/login
2024-10-28T17:40:21.560Z - POST /api/ai/recommendations
2024-10-28T17:41:41.501Z - POST /api/auth/login
2024-10-28T17:42:15.631Z - POST /api/ai/recommendations
2024-10-28T17:44:34.322Z - POST /api/ai/recommendations
2024-10-28T17:48:25.585Z - POST /api/ai/recommendations
2024-10-28T17:50:07.453Z - POST /api/ai/recommendations
2024-10-28T17:50:54.869Z - POST /api/ai/recommendations
2024-10-28T17:52:16.272Z - POST /api/ai/recommendations
2024-10-28T18:02:59.264Z - POST /api/ai/recommendations
2024-10-28T18:04:05.378Z - POST /api/ai/recommendations
2024-10-28T18:05:25.046Z - POST /api/ai/recommendations
2024-10-28T18:06:02.531Z - POST /api/ai/recommendations
2024-10-28T18:07:03.807Z - POST /api/ai/recommendations
2024-10-28T18:07:42.983Z - POST /api/ai/recommendations
2024-10-28T18:08:51.495Z - POST /api/ai/recommendations
2024-10-28T18:09:51.409Z - POST /api/ai/recommendations
2024-10-28T18:11:05.382Z - POST /api/ai/recommendations
2024-10-28T18:11:26.452Z - POST /api/ai/recommendations
2024-10-28T18:12:38.250Z - POST /api/ai/recommendations
2024-10-28T18:17:50.895Z - GET /api/user/profile
2024-10-28T18:17:50.899Z - GET /api/user/profile
2024-10-28T18:18:21.840Z - GET /api/user/profile
2024-10-28T18:18:21.843Z - GET /api/user/profile
2024-10-28T18:20:33.576Z - GET /api/user/profile
2024-10-28T18:20:33.580Z - GET /api/user/profile
2024-10-28T18:22:07.687Z - GET /api/user/profile
2024-10-28T18:22:07.691Z - GET /api/user/profile
2024-10-28T18:36:30.159Z - GET /api/user/profile
2024-10-28T18:36:30.163Z - GET /api/user/profile
2024-10-28T18:40:19.342Z - GET /api/user/profile
2024-10-28T18:40:19.346Z - GET /api/user/profile
2024-10-28T18:50:05.436Z - GET /api/user/profile
2024-10-28T18:50:05.439Z - GET /api/user/profile
2024-10-28T18:57:17.348Z - GET /api/user/profile
2024-10-28T18:57:17.352Z - GET /api/user/profile
2024-10-28T18:57:25.655Z - POST /api/ai/recommendations
2024-10-28T18:57:58.618Z - POST /api/auth/login
2024-10-28T18:58:00.785Z - GET /api/user/profile
2024-10-28T18:58:00.901Z - GET /api/user/profile
2024-10-28T18:58:20.097Z - GET /api/user/profile
2024-10-28T18:58:20.214Z - GET /api/user/profile
2024-10-28T18:58:26.833Z - POST /api/ai/recommendations
2024-10-28T19:12:03.598Z - POST /api/ai/sentiment
2024-10-28T19:14:45.087Z - POST /api/ai/sentiment
2024-10-28T19:15:37.431Z - POST /api/auth/login
2024-10-28T19:16:34.358Z - POST /api/ai/sentiment
2024-10-28T19:21:38.740Z - POST /api/ai/sentiment
2024-10-28T19:22:55.803Z - POST /api/ai/sentiment
2024-10-28T19:23:17.188Z - POST /api/ai/sentiment
2024-10-28T19:25:22.578Z - POST /api/ai/sentiment
2024-10-28T19:25:50.802Z - POST /api/ai/sentiment
2024-10-28T19:26:05.376Z - POST /api/ai/sentiment
2024-10-28T19:26:28.211Z - POST /api/ai/sentiment
2024-10-28T19:26:47.309Z - POST /api/ai/sentiment
2024-10-28T19:27:08.533Z - POST /api/ai/sentiment
2024-10-28T19:27:18.138Z - POST /api/ai/sentiment
2024-10-28T19:27:56.628Z - POST /api/ai/sentiment
2024-10-28T19:28:22.161Z - POST /api/ai/sentiment
2024-10-28T19:29:49.130Z - POST /api/ai/sentiment
2024-10-28T19:30:31.442Z - POST /api/ai/sentiment
2024-10-28T19:33:00.484Z - POST /api/ai/sentiment
2024-10-28T19:33:19.265Z - POST /api/ai/sentiment
2024-10-28T19:36:54.682Z - POST /api/ai/sentiment
2024-10-28T19:40:43.267Z - POST /api/ai/sentiment
2024-10-28T19:42:54.380Z - POST /api/ai/sentiment
2024-10-28T19:44:16.326Z - POST /api/ai/sentiment
2024-10-28T19:45:16.081Z - POST /api/ai/sentiment
2024-10-28T19:45:36.190Z - POST /api/ai/sentiment
2024-10-28T19:48:44.372Z - POST /api/ai/sentiment
2024-10-28T19:52:58.115Z - POST /api/ai/sentiment
2024-10-28T19:53:14.731Z - POST /api/ai/sentiment
2024-10-28T19:54:09.392Z - POST /api/ai/sentiment
2024-10-28T19:54:17.958Z - POST /api/ai/sentiment
2024-10-28T19:57:01.481Z - POST /api/ai/sentiment
2024-10-28T19:59:41.442Z - POST /api/ai/sentiment
2024-10-28T20:03:20.235Z - POST /api/ai/sentiment
2024-10-28T20:04:08.282Z - POST /api/ai/sentiment
2024-10-28T20:06:19.850Z - POST /api/auth/login
2024-10-28T20:07:09.045Z - POST /api/ai/sentiment
2024-10-28T20:07:51.667Z - POST /api/ai/sentiment
2024-10-28T20:08:24.190Z - POST /api/ai/sentiment
2024-10-28T20:09:11.963Z - POST /api/ai/sentiment
2024-10-28T20:10:00.003Z - POST /api/ai/sentiment
2024-10-28T20:10:12.410Z - POST /api/ai/sentiment
2024-10-28T20:10:40.725Z - POST /api/ai/sentiment
2024-10-28T20:11:09.541Z - POST /api/ai/sentiment
2024-10-28T20:13:05.955Z - POST /api/ai/sentiment
2024-10-28T20:19:23.280Z - POST /api/ai/sentiment
2024-10-28T20:19:31.939Z - POST /api/ai/sentiment
2024-10-28T20:21:22.523Z - POST /api/ai/sentiment
2024-10-28T20:22:41.302Z - POST /api/ai/sentiment
2024-10-29T08:38:08.752Z - POST /api/auth/login
2024-10-29T08:39:03.430Z - POST /api/ai/sentiment
2024-10-29T08:40:00.572Z - POST /api/ai/sentiment
2024-10-29T08:40:45.574Z - POST /api/ai/sentiment
2024-10-29T08:41:06.805Z - POST /api/ai/sentiment
2024-10-29T08:49:40.059Z - POST /api/ai/sentiment
2024-10-29T08:58:00.241Z - POST /api/auth/login
2024-10-29T08:58:50.650Z - POST /api/ai/sentiment
2024-10-29T09:01:10.187Z - POST /api/ai/sentiment
2024-10-29T09:02:44.941Z - POST /api/ai/sentiment
2024-10-29T09:02:55.366Z - POST /api/ai/sentiment
2024-10-29T09:06:00.193Z - POST /api/ai/sentiment
2024-10-29T09:07:16.335Z - POST /api/auth/login
2024-10-29T09:07:21.891Z - GET /api/user/profile
2024-10-29T09:07:22.037Z - GET /api/user/profile
2024-10-29T09:08:05.153Z - POST /api/ai/sentiment
2024-10-29T09:10:25.875Z - POST /api/ai/sentiment
2024-10-29T09:28:58.618Z - POST /api/auth/login
2024-10-29T09:33:18.555Z - GET /api/ai/searchSuggestions?query=AI
2024-10-29T09:45:16.831Z - GET /api/ai/searchSuggestions?query=AI
2024-10-29T10:00:57.305Z - POST /api/auth/login
2024-10-29T10:03:33.509Z - GET /api/user/profile
2024-10-29T10:03:33.806Z - GET /api/user/profile
2024-10-29T10:04:27.064Z - POST /api/ai/recommendations
2024-10-29T10:05:21.532Z - POST /api/ai/recommendations
2024-10-29T10:05:35.325Z - GET /api/user/profile
2024-10-29T10:05:35.446Z - GET /api/user/profile
2024-10-29T10:05:38.929Z - GET /api/user/profile
2024-10-29T10:05:39.059Z - GET /api/user/profile
2024-10-29T10:06:25.970Z - GET /api/ai/searchSuggestions?query=AI
2024-10-29T10:14:04.159Z - GET /api/ai/searchSuggestions
2024-10-29T10:14:40.900Z - GET /api/ai/searchSuggestions
2024-10-29T10:16:27.690Z - GET /api/ai/searchSuggestions?query=AI
2024-10-29T10:27:34.408Z - GET /api/ai/searchSuggestions?query=AI
2024-10-29T10:31:20.650Z - GET /api/ai/searchSuggestions?query=AI
2024-10-29T13:41:23.424Z - GET /api/auth/login
2024-10-29T13:41:34.987Z - POST /api/auth/login
2024-10-29T13:43:02.869Z - GET /api/ai/searchSuggestions?query=AI
2024-10-29T13:47:01.446Z - GET /api/ai/searchSuggestions?query=AI
2024-10-29T13:48:50.894Z - GET /api/ai/searchSuggestions?query=suggestion
2024-10-29T13:51:01.260Z - GET /api/ai/searchSuggestions?query=suggestion
2024-10-29T13:53:17.150Z - GET /api/ai/searchSuggestions?AI
2024-10-29T13:54:05.714Z - GET /api/ai/searchSuggestions?query=%27AI%27
2024-10-29T13:55:07.548Z - GET /api/ai/searchSuggestions?query=%27AI%27
2024-10-29T13:55:27.603Z - GET /api/ai/searchSuggestions?query=AI
2024-10-29T13:56:04.037Z - GET /api/ai/searchSuggestions?query=tell%20me%20about%20AI
2024-10-29T14:00:09.718Z - GET /api/ai/searchSuggestions?query=tell%20me%20about%20AI
2024-10-29T14:04:04.548Z - GET /api/ai/searchSuggestions?query=tell%20me%20about%20AI
2024-10-29T14:30:25.514Z - GET /api/ai/searchSuggestions?query=tell%20me%20about%20AI
2024-10-30T10:50:20.012Z - POST /api/auth/login
2024-10-30T10:50:23.851Z - GET /api/user/profile
2024-10-30T10:50:23.957Z - GET /api/user/profile
2024-10-30T10:50:41.522Z - POST /api/auth/login
2024-10-30T10:53:23.704Z - POST /api/ai/translate
2024-10-30T10:59:43.034Z - POST /api/ai/translate
2024-10-30T11:05:22.613Z - POST /api/ai/translate
2024-10-30T11:09:38.638Z - POST /api/ai/translate
2024-10-30T11:28:29.560Z - POST /api/ai/translate
2024-10-30T11:30:51.421Z - POST /api/ai/translate
2024-10-30T11:33:08.047Z - POST /api/ai/translate
2024-10-30T11:36:49.528Z - POST /api/ai/translate
2024-10-30T11:37:57.598Z - POST /api/ai/translate
2024-10-30T11:39:00.070Z - POST /api/ai/translate
2024-10-30T11:39:38.113Z - POST /api/ai/translate
2024-10-30T12:55:16.772Z - POST /api/summarize
2024-10-30T12:55:51.682Z - POST /api/ai/summarize
2024-10-30T12:58:05.038Z - POST /api/ai/summarize
2024-10-30T13:00:55.789Z - POST /api/ai/summarize
2024-10-30T13:03:16.511Z - POST /api/ai/summarize
2024-10-30T13:05:01.140Z - POST /api/ai/summarize
2024-10-30T13:06:21.903Z - POST /api/ai/summarize
2024-10-30T13:08:01.402Z - POST /api/ai/summarize
2024-10-30T13:08:53.939Z - POST /api/ai/summarize
2024-10-30T13:09:20.681Z - POST /api/ai/summarize
2024-10-30T13:10:33.856Z - POST /api/ai/summarize
2024-10-30T13:11:03.340Z - POST /api/ai/summarize
2024-10-30T13:11:29.480Z - POST /api/ai/summarize
2024-10-30T13:12:21.901Z - POST /api/ai/summarize
2024-10-30T13:13:13.556Z - POST /api/ai/summarize
2024-10-30T13:13:40.216Z - POST /api/ai/summarize
2024-10-30T13:14:09.332Z - POST /api/ai/summarize
2024-10-30T13:15:50.762Z - POST /api/ai/summarize
2024-10-31T09:54:20.806Z - POST /api/auth/login
2024-10-31T09:54:47.288Z - POST /api/auth/register
2024-10-31T09:55:10.415Z - POST /api/auth/login
2024-10-31T09:55:13.149Z - GET /api/user/profile
2024-10-31T09:55:13.316Z - GET /api/user/profile
2024-10-31T09:56:18.683Z - POST /api/ai/recommendations
2024-10-31T09:57:07.940Z - POST /api/ai/sentiment
2024-10-31T10:12:56.972Z - GET /api/user/profile
2024-10-31T10:12:57.111Z - GET /api/user/profile
2024-10-31T10:14:32.806Z - GET /api/user/profile
2024-10-31T10:14:32.925Z - GET /api/user/profile
2024-10-31T10:14:38.504Z - GET /api/user/profile
2024-10-31T10:14:38.643Z - GET /api/user/profile
2024-10-31T10:15:30.403Z - POST /api/ai/recommendations
2024-10-31T10:15:46.513Z - GET /api/user/profile
2024-10-31T10:15:46.638Z - GET /api/user/profile
2024-10-31T10:15:59.419Z - PUT /api/user/profile
2024-10-31T10:50:53.510Z - POST /api/auth/login
2024-10-31T10:53:46.175Z - POST /api/user/reset-password
2024-10-31T10:59:25.012Z - POST /api/user/reset-password
2024-10-31T11:00:15.437Z - POST /api/auth/login
2024-10-31T11:01:04.057Z - POST /api/user/reset-password
2024-10-31T11:01:53.861Z - POST /api/user/reset-password
2024-10-31T11:06:53.050Z - POST /api/user/reset-password
2024-10-31T11:12:48.507Z - POST /api/user/reset-password
2024-10-31T11:13:20.498Z - GET /api/user/profile
2024-10-31T11:13:20.502Z - GET /api/user/profile
2024-10-31T11:14:02.945Z - POST /api/auth/login
2024-10-31T11:14:08.517Z - POST /api/auth/login
2024-10-31T11:14:10.038Z - POST /api/auth/login
2024-10-31T11:14:13.548Z - POST /api/auth/login
2024-10-31T11:14:33.512Z - POST /api/auth/login
2024-10-31T11:16:29.737Z - POST /api/auth/login
2024-10-31T11:17:02.837Z - POST /api/auth/login
2024-10-31T11:17:55.118Z - POST /api/auth/register
2024-10-31T11:18:09.009Z - POST /api/auth/login
2024-10-31T11:18:35.723Z - POST /api/auth/login
2024-10-31T11:19:08.473Z - POST /api/user/reset-password
2024-10-31T11:20:12.783Z - POST /api/auth/login
2024-10-31T11:24:17.277Z - POST /api/user/reset-password
2024-10-31T11:24:48.889Z - POST /api/auth/login
2024-10-31T11:27:05.565Z - POST /api/user/reset-password
2024-10-31T11:27:21.231Z - POST /api/auth/login
2024-10-31T11:27:52.456Z - POST /api/auth/login
2024-10-31T11:29:59.797Z - POST /api/auth/login
2024-10-31T11:30:19.111Z - POST /api/auth/login
2024-10-31T11:30:34.947Z - POST /api/auth/login
2024-10-31T11:30:43.802Z - GET /api/user/profile
2024-10-31T11:30:43.808Z - GET /api/user/profile
2024-10-31T11:30:57.521Z - POST /api/auth/login
2024-10-31T11:30:59.934Z - GET /api/user/profile
2024-10-31T11:31:00.043Z - GET /api/user/profile
2024-10-31T11:31:04.462Z - GET /api/user/profile
2024-10-31T11:31:04.616Z - GET /api/user/profile
2024-10-31T11:31:23.513Z - POST /api/user/reset-password
2024-10-31T11:31:39.311Z - GET /api/user/profile
2024-10-31T11:31:39.313Z - GET /api/user/profile
2024-10-31T11:32:01.688Z - POST /api/auth/login
2024-10-31T11:32:11.581Z - POST /api/auth/login
2024-10-31T11:32:25.094Z - POST /api/auth/login
2024-10-31T11:34:24.539Z - POST /api/auth/login
2024-10-31T11:34:47.804Z - POST /api/user/reset-password
2024-10-31T11:36:04.245Z - POST /api/auth/login
2024-10-31T11:36:23.424Z - POST /api/auth/login
2024-10-31T11:36:38.793Z - POST /api/user/reset-password
2024-10-31T11:36:48.603Z - POST /api/auth/login
2024-10-31T11:37:33.457Z - POST /api/user/reset-password
2024-10-31T11:37:52.692Z - POST /api/auth/login
2024-10-31T11:37:58.257Z - GET /api/user/profile
2024-10-31T11:37:58.365Z - GET /api/user/profile
2024-10-31T11:38:34.892Z - PUT /api/user/profile
2024-10-31T11:38:43.627Z - PUT /api/user/profile
2024-10-31T11:38:53.433Z - GET /api/user/profile
2024-10-31T11:38:53.442Z - GET /api/user/profile
2024-10-31T11:39:46.995Z - POST /api/auth/login
2024-10-31T11:39:52.439Z - GET /api/user/profile
2024-10-31T11:39:52.585Z - GET /api/user/profile
2024-10-31T11:40:19.484Z - PUT /api/user/profile
2024-10-31T11:40:41.409Z - GET /api/user/profile
2024-10-31T11:40:41.415Z - GET /api/user/profile
2024-10-31T11:40:59.827Z - POST /api/auth/login
2024-10-31T11:41:02.661Z - GET /api/user/profile
2024-10-31T11:41:03.108Z - GET /api/user/profile
2024-10-31T13:58:55.245Z - POST /api/auth/login
2024-10-31T13:59:14.008Z - POST /api/auth/login
2024-10-31T14:03:38.758Z - POST /api/admin/create
2024-10-31T14:05:33.296Z - POST /api/auth/login
2024-10-31T14:07:19.444Z - POST /api/auth/login
2024-10-31T14:08:45.251Z - POST /api/auth/login
2024-10-31T14:09:54.419Z - POST /api/auth/login
2024-10-31T14:10:49.724Z - POST /api/auth/login
2024-10-31T14:11:27.228Z - POST /api/auth/login
2024-10-31T14:19:16.315Z - POST /api/admin/create
2024-10-31T14:20:23.590Z - POST /api/auth/login
2024-10-31T14:21:26.470Z - POST /api/admin/create
2024-10-31T14:22:41.222Z - POST /api/admin/create
2024-10-31T14:27:23.607Z - POST /api/admin/create
2024-10-31T14:27:55.952Z - POST /api/auth/login
2024-10-31T14:28:44.375Z - POST /api/admin/create
2024-10-31T14:29:15.992Z - POST /api/auth/login
2024-10-31T14:30:49.420Z - POST /api/admin/create
2024-10-31T14:36:55.107Z - POST /api/auth/login
2024-10-31T14:37:42.742Z - GET /api/admin/users
2024-10-31T14:39:20.546Z - GET /api/admin/users
2024-10-31T14:40:09.668Z - GET /api/admin/users
2024-10-31T14:41:32.627Z - GET /api/admin/users
2024-10-31T14:43:36.132Z - POST /api/admin/create
2024-10-31T14:44:34.636Z - GET /api/auth/login
2024-10-31T14:44:45.902Z - POST /api/auth/login
2024-10-31T14:47:01.872Z - POST /api/admin/create
2024-10-31T14:47:11.181Z - POST /api/auth/login
2024-10-31T14:47:27.651Z - POST /api/admin/create
2024-10-31T14:47:41.981Z - POST /api/auth/login
2024-10-31T14:48:46.887Z - GET /api/admin/users
2024-10-31T15:04:55.771Z - GET /api/admin/users
2024-10-31T15:07:02.385Z - GET /api/admin/users
2024-10-31T15:11:36.677Z - GET /api/admin/users
2024-10-31T16:19:09.348Z - POST /api/auth/login
2024-10-31T16:19:12.275Z - GET /api/user/profile
2024-10-31T16:19:12.517Z - GET /api/user/profile
2024-10-31T16:31:30.018Z - GET /api/admin/users
2024-10-31T16:31:30.113Z - GET /api/admin/users
2024-10-31T16:40:19.473Z - POST /api/admin/create
2024-10-31T16:40:27.790Z - GET /api/admin/users
2024-10-31T16:40:27.902Z - GET /api/admin/users
2024-10-31T16:41:43.975Z - GET /api/admin/users
2024-10-31T16:44:30.442Z - GET /api/admin/users
2024-10-31T16:45:24.266Z - GET /api/admin/users
2024-10-31T16:45:33.096Z - GET /api/admin/users
2024-10-31T16:45:41.743Z - GET /api/admin/users
2024-10-31T16:45:41.845Z - GET /api/admin/users
2024-10-31T16:51:06.821Z - POST /api/auth/login
2024-10-31T16:51:09.907Z - GET /api/admin/users
2024-10-31T16:51:10.008Z - GET /api/admin/users
2024-10-31T16:53:42.786Z - POST /api/admin/create
2024-10-31T16:53:59.971Z - POST /api/auth/login
2024-10-31T16:54:02.178Z - GET /api/admin/users
2024-10-31T16:54:02.414Z - GET /api/admin/users
2024-10-31T16:56:05.527Z - GET /api/admin/users
2024-10-31T16:56:09.294Z - GET /api/admin/users
2024-10-31T16:56:09.557Z - GET /api/admin/users
2024-10-31T16:56:21.161Z - GET /api/admin/users
2024-10-31T16:58:09.046Z - GET /api/admin/users
2024-10-31T16:58:09.410Z - GET /api/admin/users
2024-10-31T16:58:20.404Z - GET /api/admin/users
2024-10-31T16:58:20.619Z - GET /api/admin/users
2024-10-31T17:00:18.502Z - GET /api/admin/users
2024-10-31T17:00:18.723Z - GET /api/admin/users
2024-10-31T17:00:50.712Z - GET /api/admin/users
2024-10-31T17:01:33.984Z - GET /api/admin/users
2024-10-31T17:01:38.127Z - GET /api/admin/users
2024-10-31T17:01:38.330Z - GET /api/admin/users
2024-10-31T17:05:18.472Z - GET /api/admin/users
2024-10-31T17:13:15.987Z - GET /api/admin/users
2024-10-31T17:14:37.404Z - GET /api/admin/users
2024-10-31T17:14:37.953Z - GET /api/admin/users
2024-10-31T17:16:05.103Z - GET /api/user/profile
2024-10-31T17:16:05.107Z - GET /api/user/profile
2024-10-31T17:16:15.507Z - GET /api/admin/users
2024-10-31T17:16:16.062Z - GET /api/admin/users
2024-10-31T17:16:23.064Z - GET /api/user/profile
2024-10-31T17:16:23.069Z - GET /api/user/profile
2024-10-31T17:16:44.138Z - GET /api/user/profile
2024-10-31T17:16:44.142Z - GET /api/user/profile
2024-10-31T17:18:02.399Z - GET /api/user/profile
2024-10-31T17:18:02.403Z - GET /api/user/profile
2024-10-31T17:18:05.864Z - GET /api/admin/users
2024-10-31T17:18:07.174Z - GET /api/admin/users
2024-11-01T09:56:40.445Z - POST /api/admin/create
2024-11-01T09:57:11.182Z - POST /api/auth/login
2024-11-01T09:57:38.755Z - POST /api/admin/create
2024-11-01T09:58:58.654Z - GET /api/user/profile
2024-11-01T09:58:58.770Z - GET /api/user/profile
2024-11-01T09:59:09.998Z - GET /api/admin/users
2024-11-01T09:59:10.195Z - GET /api/admin/users
2024-11-01T09:59:13.373Z - GET /api/user/profile
2024-11-01T09:59:13.486Z - GET /api/user/profile
2024-11-01T09:59:26.428Z - GET /api/user/profile
2024-11-01T09:59:26.788Z - GET /api/user/profile
2024-11-01T10:00:16.818Z - GET /api/user/profile
2024-11-01T10:00:16.821Z - GET /api/user/profile
2024-11-01T10:00:31.393Z - POST /api/auth/login
2024-11-01T10:00:42.444Z - POST /api/auth/login
2024-11-01T10:01:15.819Z - POST /api/auth/login
2024-11-01T10:01:34.924Z - POST /api/auth/login
2024-11-01T10:01:47.962Z - POST /api/admin/create
2024-11-01T10:02:21.370Z - POST /api/admin/create
2024-11-01T10:02:29.213Z - GET /api/admin/users
2024-11-01T10:02:29.326Z - GET /api/admin/users
2024-11-01T10:02:50.358Z - POST /api/auth/login
2024-11-01T10:02:52.534Z - GET /api/admin/users
2024-11-01T10:02:52.655Z - GET /api/admin/users
2024-11-01T10:03:21.220Z - POST /api/admin/create
2024-11-01T10:03:42.923Z - GET /api/user/profile
2024-11-01T10:03:42.926Z - GET /api/user/profile
2024-11-01T10:03:59.228Z - POST /api/auth/login
2024-11-01T10:04:15.744Z - POST /api/admin/create
2024-11-01T10:04:34.383Z - POST /api/auth/login
2024-11-01T10:04:36.714Z - GET /api/admin/users
2024-11-01T10:04:36.837Z - GET /api/admin/users
2024-11-01T10:05:46.247Z - GET /api/user/profile
2024-11-01T10:05:46.378Z - GET /api/user/profile
2024-11-01T10:06:13.552Z - POST /api/admin/create
2024-11-01T10:06:35.658Z - POST /api/auth/login
2024-11-01T10:06:38.534Z - GET /api/admin/users
2024-11-01T10:06:38.805Z - GET /api/admin/users
2024-11-01T10:06:47.722Z - GET /api/user/profile
2024-11-01T10:06:47.918Z - GET /api/user/profile
2024-11-01T10:06:55.446Z - GET /api/admin/users
2024-11-01T10:06:55.700Z - GET /api/admin/users
2024-11-01T10:08:28.261Z - GET /api/admin/users
2024-11-01T10:08:28.374Z - GET /api/admin/users
2024-11-01T10:08:32.074Z - GET /api/user/profile
2024-11-01T10:08:32.079Z - GET /api/user/profile
2024-11-01T10:08:49.223Z - POST /api/auth/login
2024-11-01T10:09:21.610Z - POST /api/admin/create
2024-11-01T10:10:46.498Z - POST /api/auth/login
2024-11-01T10:11:09.785Z - POST /api/admin/create
2024-11-01T10:11:40.718Z - POST /api/auth/login
2024-11-01T10:11:42.898Z - GET /api/admin/users
2024-11-01T10:11:43.281Z - GET /api/admin/users
2024-11-01T10:17:05.588Z - POST /api/auth/login
2024-11-01T10:19:37.216Z - POST /api/auth/login
2024-11-01T10:22:08.870Z - POST /api/auth/login
2024-11-01T10:27:20.306Z - POST /api/auth/login
2024-11-01T10:30:15.878Z - POST /api/auth/login
2024-11-01T10:31:48.824Z - POST /api/auth/login
2024-11-01T10:32:16.147Z - POST /api/auth/login
2024-11-01T10:34:41.428Z - POST /api/auth/login
2024-11-01T10:36:00.482Z - POST /api/auth/login
2024-11-01T10:47:20.293Z - POST /api/auth/login
2024-11-01T10:51:12.469Z - POST /api/auth/login
2024-11-01T10:51:54.960Z - POST /api/auth/login
2024-11-01T10:54:52.296Z - POST /api/auth/login
2024-11-01T10:57:43.459Z - POST /api/auth/login
2024-11-01T11:00:58.633Z - POST /api/auth/login
2024-11-01T11:02:21.937Z - POST /api/auth/login
2024-11-01T11:05:54.738Z - POST /api/auth/login
2024-11-01T11:08:57.034Z - POST /api/auth/login
2024-11-01T11:13:59.676Z - POST /api/auth/login
2024-11-01T11:15:47.248Z - POST /api/auth/login
2024-11-01T11:17:21.979Z - POST /api/auth/login
2024-11-01T11:20:25.981Z - POST /api/auth/login
2024-11-01T11:49:58.152Z - GET /api/user/profile
2024-11-01T11:49:58.156Z - GET /api/user/profile
2024-11-01T11:50:03.867Z - GET /api/user/profile
2024-11-01T11:50:03.871Z - GET /api/user/profile
2024-11-01T11:50:08.596Z - GET /api/user/profile
2024-11-01T11:50:08.600Z - GET /api/user/profile
2024-11-01T11:50:18.060Z - GET /api/user/profile
2024-11-01T11:50:18.063Z - GET /api/user/profile
2024-11-01T11:50:35.334Z - GET /api/user/profile
2024-11-01T11:50:35.347Z - GET /api/user/profile
2024-11-01T11:58:46.986Z - GET /api/user/profile
2024-11-01T11:58:46.990Z - GET /api/user/profile
2024-11-01T11:59:07.591Z - GET /api/user/profile
2024-11-01T11:59:07.595Z - GET /api/user/profile
2024-11-01T12:24:03.638Z - GET /api/user/profile
2024-11-01T12:24:03.641Z - GET /api/user/profile
2024-11-01T12:24:07.463Z - GET /api/user/profile
2024-11-01T12:24:07.467Z - GET /api/user/profile
2024-11-01T12:24:09.761Z - GET /api/user/profile
2024-11-01T12:24:09.764Z - GET /api/user/profile
2024-11-01T12:24:14.210Z - GET /api/user/profile
2024-11-01T12:24:14.212Z - GET /api/user/profile
2024-11-01T12:25:03.599Z - GET /api/user/profile
2024-11-01T12:25:03.602Z - GET /api/user/profile
2024-11-01T12:25:06.198Z - GET /api/user/profile
2024-11-01T12:25:06.201Z - GET /api/user/profile
2024-11-01T12:30:48.145Z - POST /api/ai/sentiment
2024-11-01T12:32:43.426Z - GET /api/user/profile
2024-11-01T12:32:43.428Z - GET /api/user/profile
2024-11-01T12:53:39.079Z - GET /api/user/profile
2024-11-01T12:53:39.084Z - GET /api/user/profile
2024-11-01T12:53:40.398Z - GET /api/user/profile
2024-11-01T12:53:40.409Z - GET /api/user/profile
2024-11-01T12:53:45.631Z - GET /api/user/profile
2024-11-01T12:53:45.637Z - GET /api/user/profile
2024-11-01T12:54:02.765Z - GET /api/user/profile
2024-11-01T12:54:02.769Z - GET /api/user/profile
2024-11-01T13:01:27.395Z - GET /api/user/profile
2024-11-01T13:01:27.399Z - GET /api/user/profile
2024-11-01T13:03:53.929Z - POST /api/auth/login
2024-11-01T13:04:04.348Z - GET /api/user/profile
2024-11-01T13:04:04.479Z - GET /api/user/profile
2024-11-01T13:04:31.079Z - GET /api/user/profile
2024-11-01T13:04:31.086Z - GET /api/user/profile
2024-11-01T13:05:42.165Z - GET /api/user/profile
2024-11-01T13:05:42.189Z - GET /api/user/profile
2024-11-01T13:05:46.603Z - GET /api/user/profile
2024-11-01T13:05:46.607Z - GET /api/user/profile
2024-11-01T13:05:52.307Z - GET /api/user/profile
2024-11-01T13:05:52.310Z - GET /api/user/profile
2024-11-01T13:06:13.306Z - POST /api/auth/login
2024-11-01T13:06:16.952Z - GET /api/user/profile
2024-11-01T13:06:17.307Z - GET /api/user/profile
2024-11-01T13:06:26.604Z - GET /api/user/profile
2024-11-01T13:06:26.610Z - GET /api/user/profile
2024-11-01T13:06:56.947Z - POST /api/auth/login
2024-11-01T13:06:59.683Z - GET /api/user/profile
2024-11-01T13:06:59.796Z - GET /api/user/profile
2024-11-01T13:11:33.134Z - GET /api/user/profile
2024-11-01T13:11:33.374Z - GET /api/user/profile
2024-11-01T13:11:51.633Z - GET /api/user/profile
2024-11-01T13:11:51.809Z - GET /api/user/profile
2024-11-01T13:11:54.689Z - GET /api/user/profile
2024-11-01T13:11:54.882Z - GET /api/user/profile
2024-11-01T13:12:28.571Z - GET /api/user/profile
2024-11-01T13:12:29.027Z - GET /api/user/profile
2024-11-01T13:13:03.375Z - GET /api/user/profile
2024-11-01T13:13:03.379Z - GET /api/user/profile
2024-11-01T13:13:52.745Z - POST /api/auth/login
2024-11-01T13:14:20.646Z - GET /api/user/profile
2024-11-01T13:14:20.800Z - GET /api/user/profile
2024-11-01T13:15:35.637Z - POST /api/auth/login
2024-11-01T13:15:48.069Z - GET /api/admin/users
2024-11-01T13:15:48.881Z - GET /api/admin/users
2024-11-01T13:16:25.847Z - GET /api/user/profile
2024-11-01T13:16:26.061Z - GET /api/user/profile
2024-11-01T13:18:46.572Z - POST /api/auth/login
2024-11-01T13:18:50.829Z - GET /api/user/profile
2024-11-01T13:18:51.069Z - GET /api/user/profile
2024-11-01T13:19:07.367Z - GET /api/user/profile
2024-11-01T13:19:07.512Z - GET /api/user/profile
2024-11-01T13:19:32.353Z - POST /api/ai/recommendations
2024-11-01T13:19:48.158Z - GET /api/user/profile
2024-11-01T13:19:48.503Z - GET /api/user/profile
2024-11-01T13:20:05.527Z - POST /api/ai/sentiment
2024-11-01T13:20:08.786Z - GET /api/user/profile
2024-11-01T13:20:08.905Z - GET /api/user/profile
2024-11-01T13:20:47.841Z - GET /api/user/profile
2024-11-01T13:20:47.845Z - GET /api/user/profile
2024-11-01T13:25:26.817Z - POST /api/auth/login
2024-11-01T13:25:31.929Z - GET /api/admin/users
2024-11-01T13:25:32.198Z - GET /api/admin/users
2024-11-01T13:25:49.505Z - GET /api/admin/users
2024-11-01T13:25:49.510Z - GET /api/admin/users
2024-11-02T07:22:44.212Z - POST /api/auth/login
2024-11-02T07:22:48.251Z - GET /api/user/profile
2024-11-02T07:22:48.367Z - GET /api/user/profile
2024-11-02T07:24:12.423Z - POST /api/ai/sentiment
2024-11-02T07:24:21.368Z - GET /api/user/profile
2024-11-02T07:24:21.481Z - GET /api/user/profile
2024-11-02T07:26:24.613Z - POST /api/ai/recommendations
2024-11-02T07:27:03.144Z - POST /api/ai/recommendations
2024-11-02T07:27:18.069Z - GET /api/user/profile
2024-11-02T07:27:18.199Z - GET /api/user/profile
2024-11-02T07:27:25.892Z - GET /api/user/profile
2024-11-02T07:27:25.897Z - GET /api/user/profile
2024-11-02T07:27:41.260Z - POST /api/auth/login
2024-11-02T07:28:00.634Z - POST /api/auth/login
2024-11-02T07:28:05.482Z - GET /api/admin/users
2024-11-02T07:28:05.792Z - GET /api/admin/users
2024-11-02T07:33:22.714Z - GET /api/admin/users
2024-11-02T07:38:54.526Z - GET /api/admin/users
2024-11-02T07:38:56.305Z - GET /api/admin/users
2024-11-02T07:39:04.154Z - GET /api/admin/users
2024-11-02T07:39:04.508Z - GET /api/admin/users
2024-11-02T07:40:24.697Z - GET /api/user/profile
2024-11-02T07:40:24.921Z - GET /api/user/profile
2024-11-02T07:40:40.858Z - GET /api/admin/users
2024-11-02T07:40:41.096Z - GET /api/admin/users
2024-11-02T07:57:57.053Z - GET /api/user/profile
2024-11-02T07:57:57.057Z - GET /api/user/profile
2024-11-02T07:58:02.449Z - GET /api/admin/users
2024-11-02T07:58:04.711Z - GET /api/admin/users
2024-11-02T07:58:09.817Z - GET /api/admin/users
2024-11-02T07:58:10.106Z - GET /api/admin/users
2024-11-02T07:58:20.405Z - GET /api/admin/users
2024-11-02T07:58:20.771Z - GET /api/admin/users
2024-11-02T07:58:59.248Z - POST /api/ai/sentiment
2024-11-02T08:03:44.768Z - POST /api/ai/sentiment
2024-11-02T08:03:54.449Z - GET /api/admin/users
2024-11-02T08:03:54.697Z - GET /api/admin/users
2024-11-02T08:04:14.391Z - GET /api/admin/users
2024-11-02T08:04:15.074Z - GET /api/admin/users
2024-11-02T08:12:34.510Z - GET /api/user/profile
2024-11-02T08:12:34.514Z - GET /api/user/profile
2024-11-02T08:12:43.877Z - GET /api/user/profile
2024-11-02T08:12:43.881Z - GET /api/user/profile
2024-11-02T08:13:07.197Z - POST /api/auth/login
2024-11-02T08:13:09.702Z - GET /api/user/profile
2024-11-02T08:13:09.824Z - GET /api/user/profile
2024-11-02T08:50:08.714Z - POST /api/auth/login
2024-11-02T08:50:40.137Z - GET /api/user/profile
2024-11-02T08:50:40.291Z - GET /api/user/profile
2024-11-02T08:54:02.465Z - POST /api/auth/login
2024-11-02T08:54:04.980Z - GET /api/user/profile
2024-11-02T08:54:05.466Z - GET /api/user/profile
2024-11-02T08:55:24.717Z - GET /api/user/profile
2024-11-02T08:55:24.984Z - GET /api/user/profile
2024-11-02T08:56:00.031Z - POST /api/auth/login
2024-11-02T08:56:02.248Z - GET /api/user/profile
2024-11-02T08:56:02.425Z - GET /api/user/profile
2024-11-02T08:56:32.140Z - PUT /api/user/profile
2024-11-02T08:58:20.642Z - GET /api/user/profile
2024-11-02T08:58:20.657Z - GET /api/user/profile
2024-11-02T08:58:39.856Z - POST /api/auth/login
2024-11-02T08:58:44.941Z - GET /api/user/profile
2024-11-02T08:58:45.284Z - GET /api/user/profile
2024-11-02T08:58:51.743Z - PUT /api/user/profile
2024-11-02T09:02:36.714Z - GET /api/user/profile
2024-11-02T09:02:46.751Z - GET /api/user/profile
2024-11-02T09:02:46.870Z - GET /api/user/profile
2024-11-02T09:02:55.714Z - PUT /api/user/profile
2024-11-02T09:11:17.369Z - POST /api/auth/login
2024-11-02T09:11:19.685Z - GET /api/user/profile
2024-11-02T09:11:20.140Z - GET /api/user/profile
2024-11-02T09:11:37.904Z - PUT /api/user/profile
2024-11-02T09:15:15.707Z - GET /api/user/profile
2024-11-02T09:15:22.543Z - PUT /api/user/profile
2024-11-02T09:16:06.713Z - GET /api/user/profile
2024-11-02T09:16:32.572Z - POST /api/auth/login
2024-11-02T09:16:38.497Z - GET /api/user/profile
2024-11-02T09:16:38.605Z - GET /api/user/profile
2024-11-02T09:16:45.925Z - PUT /api/user/profile
2024-11-02T09:18:08.266Z - GET /api/user/profile
2024-11-02T09:18:16.685Z - PUT /api/user/profile
2024-11-02T09:18:50.101Z - GET /api/user/profile
2024-11-02T09:18:50.107Z - GET /api/user/profile
2024-11-02T09:19:17.945Z - POST /api/auth/login
2024-11-02T09:19:20.927Z - GET /api/user/profile
2024-11-02T09:19:21.036Z - GET /api/user/profile
2024-11-02T09:19:51.029Z - PUT /api/user/profile
2024-11-02T09:20:34.284Z - GET /api/user/profile
2024-11-02T09:20:39.143Z - PUT /api/user/profile
2024-11-02T09:21:13.830Z - GET /api/user/profile
2024-11-02T09:21:18.335Z - PUT /api/user/profile
2024-11-02T09:22:03.756Z - POST /api/auth/login
2024-11-02T09:22:11.706Z - GET /api/user/profile
2024-11-02T09:22:11.812Z - GET /api/user/profile
2024-11-02T09:23:02.426Z - PUT /api/user/profile
2024-11-02T09:24:36.852Z - POST /api/auth/login
2024-11-02T09:24:38.612Z - GET /api/user/profile
2024-11-02T09:24:38.874Z - GET /api/user/profile
2024-11-02T09:24:38.979Z - GET /api/user/profile
2024-11-02T09:24:39.091Z - GET /api/user/profile
2024-11-02T09:24:39.199Z - GET /api/user/profile
2024-11-02T09:24:39.368Z - GET /api/user/profile
2024-11-02T09:24:39.472Z - GET /api/user/profile
2024-11-02T09:24:39.595Z - GET /api/user/profile
2024-11-02T09:24:39.709Z - GET /api/user/profile
2024-11-02T09:24:39.824Z - GET /api/user/profile
2024-11-02T09:24:39.941Z - GET /api/user/profile
2024-11-02T09:24:40.056Z - GET /api/user/profile
2024-11-02T09:24:40.171Z - GET /api/user/profile
2024-11-02T09:24:40.306Z - GET /api/user/profile
2024-11-02T09:24:40.427Z - GET /api/user/profile
2024-11-02T09:24:40.527Z - GET /api/user/profile
2024-11-02T09:24:40.708Z - GET /api/user/profile
2024-11-02T09:24:40.824Z - GET /api/user/profile
2024-11-02T09:24:40.917Z - GET /api/user/profile
2024-11-02T09:24:41.015Z - GET /api/user/profile
2024-11-02T09:24:41.120Z - GET /api/user/profile
2024-11-02T09:24:41.299Z - GET /api/user/profile
2024-11-02T09:24:41.411Z - GET /api/user/profile
2024-11-02T09:24:41.519Z - GET /api/user/profile
2024-11-02T09:24:41.637Z - GET /api/user/profile
2024-11-02T09:24:41.756Z - GET /api/user/profile
2024-11-02T09:24:41.981Z - GET /api/user/profile
2024-11-02T09:24:42.093Z - GET /api/user/profile
2024-11-02T09:24:42.198Z - GET /api/user/profile
2024-11-02T09:24:42.315Z - GET /api/user/profile
2024-11-02T09:24:42.424Z - GET /api/user/profile
2024-11-02T09:24:42.529Z - GET /api/user/profile
2024-11-02T09:24:42.637Z - GET /api/user/profile
2024-11-02T09:24:42.739Z - GET /api/user/profile
2024-11-02T09:24:42.849Z - GET /api/user/profile
2024-11-02T09:24:42.957Z - GET /api/user/profile
2024-11-02T09:24:43.069Z - GET /api/user/profile
2024-11-02T09:24:43.203Z - GET /api/user/profile
2024-11-02T09:24:43.311Z - GET /api/user/profile
2024-11-02T09:24:43.420Z - GET /api/user/profile
2024-11-02T09:24:43.530Z - GET /api/user/profile
2024-11-02T09:24:43.637Z - GET /api/user/profile
2024-11-02T09:24:43.770Z - GET /api/user/profile
2024-11-02T09:24:43.913Z - GET /api/user/profile
2024-11-02T09:24:44.016Z - GET /api/user/profile
2024-11-02T09:24:44.117Z - GET /api/user/profile
2024-11-02T09:24:44.237Z - GET /api/user/profile
2024-11-02T09:24:44.335Z - GET /api/user/profile
2024-11-02T09:24:44.439Z - GET /api/user/profile
2024-11-02T09:24:44.611Z - GET /api/user/profile
2024-11-02T09:24:44.723Z - GET /api/user/profile
2024-11-02T09:24:44.844Z - GET /api/user/profile
2024-11-02T09:24:44.941Z - GET /api/user/profile
2024-11-02T09:24:45.053Z - GET /api/user/profile
2024-11-02T09:24:45.487Z - GET /api/user/profile
2024-11-02T09:24:45.609Z - GET /api/user/profile
2024-11-02T09:24:45.722Z - GET /api/user/profile
2024-11-02T09:24:45.831Z - GET /api/user/profile
2024-11-02T09:24:45.941Z - GET /api/user/profile
2024-11-02T09:24:46.051Z - GET /api/user/profile
2024-11-02T09:24:46.161Z - GET /api/user/profile
2024-11-02T09:24:46.274Z - GET /api/user/profile
2024-11-02T09:24:46.380Z - GET /api/user/profile
2024-11-02T09:24:46.488Z - GET /api/user/profile
2024-11-02T09:24:46.599Z - GET /api/user/profile
2024-11-02T09:24:46.712Z - GET /api/user/profile
2024-11-02T09:24:46.824Z - GET /api/user/profile
2024-11-02T09:24:46.926Z - GET /api/user/profile
2024-11-02T09:24:47.048Z - GET /api/user/profile
2024-11-02T09:24:47.153Z - GET /api/user/profile
2024-11-02T09:24:47.252Z - GET /api/user/profile
2024-11-02T09:24:47.363Z - GET /api/user/profile
2024-11-02T09:24:47.798Z - GET /api/user/profile
2024-11-02T09:24:47.909Z - GET /api/user/profile
2024-11-02T09:24:48.017Z - GET /api/user/profile
2024-11-02T09:24:48.121Z - GET /api/user/profile
2024-11-02T09:24:48.251Z - GET /api/user/profile
2024-11-02T09:24:48.355Z - GET /api/user/profile
2024-11-02T09:24:48.447Z - GET /api/user/profile
2024-11-02T09:24:48.556Z - GET /api/user/profile
2024-11-02T09:24:48.653Z - GET /api/user/profile
2024-11-02T09:24:48.750Z - GET /api/user/profile
2024-11-02T09:24:48.863Z - GET /api/user/profile
2024-11-02T09:24:48.979Z - GET /api/user/profile
2024-11-02T09:24:49.092Z - GET /api/user/profile
2024-11-02T09:24:49.198Z - GET /api/user/profile
2024-11-02T09:24:49.306Z - GET /api/user/profile
2024-11-02T09:24:49.427Z - GET /api/user/profile
2024-11-02T09:24:49.526Z - GET /api/user/profile
2024-11-02T09:24:49.625Z - GET /api/user/profile
2024-11-02T09:24:49.730Z - GET /api/user/profile
2024-11-02T09:24:49.839Z - GET /api/user/profile
2024-11-02T09:24:49.950Z - GET /api/user/profile
2024-11-02T09:24:50.063Z - GET /api/user/profile
2024-11-02T09:24:50.178Z - GET /api/user/profile
2024-11-02T09:24:50.290Z - GET /api/user/profile
2024-11-02T09:24:50.404Z - GET /api/user/profile
2024-11-02T09:24:50.509Z - GET /api/user/profile
2024-11-02T09:24:50.624Z - GET /api/user/profile
2024-11-02T09:24:50.738Z - GET /api/user/profile
2024-11-02T09:24:50.837Z - GET /api/user/profile
2024-11-02T09:24:50.937Z - GET /api/user/profile
2024-11-02T09:24:51.046Z - GET /api/user/profile
2024-11-02T09:24:51.140Z - GET /api/user/profile
2024-11-02T09:24:51.267Z - GET /api/user/profile
2024-11-02T09:24:51.383Z - GET /api/user/profile
2024-11-02T09:24:51.499Z - GET /api/user/profile
2024-11-02T09:24:51.627Z - GET /api/user/profile
2024-11-02T09:24:51.735Z - GET /api/user/profile
2024-11-02T09:24:51.838Z - GET /api/user/profile
2024-11-02T09:24:51.945Z - GET /api/user/profile
2024-11-02T09:24:52.050Z - GET /api/user/profile
2024-11-02T09:24:52.172Z - GET /api/user/profile
2024-11-02T09:24:52.280Z - GET /api/user/profile
2024-11-02T09:24:52.396Z - GET /api/user/profile
2024-11-02T09:24:52.522Z - GET /api/user/profile
2024-11-02T09:24:52.630Z - GET /api/user/profile
2024-11-02T09:24:52.740Z - GET /api/user/profile
2024-11-02T09:24:52.848Z - GET /api/user/profile
2024-11-02T09:24:52.955Z - GET /api/user/profile
2024-11-02T09:24:53.063Z - GET /api/user/profile
2024-11-02T09:24:53.166Z - GET /api/user/profile
2024-11-02T09:24:53.263Z - GET /api/user/profile
2024-11-02T09:24:53.365Z - GET /api/user/profile
2024-11-02T09:24:53.474Z - GET /api/user/profile
2024-11-02T09:24:53.569Z - GET /api/user/profile
2024-11-02T09:24:53.671Z - GET /api/user/profile
2024-11-02T09:24:53.876Z - GET /api/user/profile
2024-11-02T09:24:53.988Z - GET /api/user/profile
2024-11-02T09:24:54.107Z - GET /api/user/profile
2024-11-02T09:24:54.207Z - GET /api/user/profile
2024-11-02T09:24:54.306Z - GET /api/user/profile
2024-11-02T09:24:54.406Z - GET /api/user/profile
2024-11-02T09:24:54.502Z - GET /api/user/profile
2024-11-02T09:24:54.608Z - GET /api/user/profile
2024-11-02T09:24:54.834Z - GET /api/user/profile
2024-11-02T09:24:54.955Z - GET /api/user/profile
2024-11-02T09:24:55.088Z - GET /api/user/profile
2024-11-02T09:24:55.204Z - GET /api/user/profile
2024-11-02T09:24:55.319Z - GET /api/user/profile
2024-11-02T09:24:55.427Z - GET /api/user/profile
2024-11-02T09:24:55.526Z - GET /api/user/profile
2024-11-02T09:24:55.634Z - GET /api/user/profile
2024-11-02T09:24:55.798Z - GET /api/user/profile
2024-11-02T09:24:55.945Z - GET /api/user/profile
2024-11-02T09:24:56.059Z - GET /api/user/profile
2024-11-02T09:25:41.760Z - GET /api/user/profile
2024-11-02T09:25:47.327Z - GET /api/user/profile
2024-11-02T09:25:47.332Z - GET /api/user/profile
2024-11-02T09:26:07.618Z - POST /api/auth/login
2024-11-02T09:26:09.926Z - GET /api/user/profile
2024-11-02T09:26:10.040Z - GET /api/user/profile
2024-11-02T09:26:30.665Z - GET /api/user/profile
2024-11-02T09:28:08.607Z - GET /api/user/profile
2024-11-02T09:28:08.623Z - GET /api/user/profile
2024-11-02T09:28:28.278Z - POST /api/auth/login
2024-11-02T09:28:31.482Z - GET /api/user/profile
2024-11-02T09:28:31.864Z - GET /api/user/profile
2024-11-02T09:28:46.581Z - PUT /api/user/profile
2024-11-02T09:32:59.709Z - POST /api/auth/login
2024-11-02T09:33:02.008Z - GET /api/user/profile
2024-11-02T09:33:02.167Z - GET /api/user/profile
2024-11-02T09:33:18.605Z - PUT /api/user/profile
2024-11-02T09:33:42.395Z - GET /api/user/profile
2024-11-02T09:33:42.531Z - GET /api/user/profile
2024-11-02T09:34:19.452Z - POST /api/auth/login
2024-11-02T09:34:24.165Z - GET /api/admin/users
2024-11-02T09:34:24.430Z - GET /api/admin/users
2024-11-02T09:34:36.588Z - GET /api/admin/users
2024-11-02T09:34:36.828Z - GET /api/admin/users
2024-11-02T09:34:58.746Z - GET /api/admin/users
2024-11-02T09:34:58.999Z - GET /api/admin/users
2024-11-02T09:35:20.734Z - GET /api/admin/users
2024-11-02T09:35:21.064Z - GET /api/admin/users
2024-11-02T09:35:52.297Z - POST /api/auth/login
2024-11-02T09:36:23.289Z - GET /api/user/profile
2024-11-02T09:36:23.414Z - GET /api/user/profile
2024-11-02T09:46:13.118Z - POST /api/auth/login
2024-11-02T09:46:15.383Z - GET /api/admin/users
2024-11-02T09:46:15.700Z - GET /api/admin/users
2024-11-02T09:47:03.049Z - GET /api/admin/users
2024-11-02T09:47:03.282Z - GET /api/admin/users
2024-11-02T09:48:08.995Z - GET /api/admin/users
2024-11-02T09:48:52.339Z - GET /api/admin/users
2024-11-02T09:48:52.353Z - GET /api/admin/users
2024-11-02T09:49:05.653Z - POST /api/auth/login
2024-11-02T09:49:07.441Z - GET /api/admin/users
2024-11-02T09:49:07.729Z - GET /api/admin/users
2024-11-02T09:50:26.670Z - GET /api/admin/users
2024-11-02T09:50:36.950Z - GET /api/admin/users
2024-11-02T09:50:36.955Z - GET /api/admin/users
2024-11-02T09:51:05.609Z - POST /api/auth/login
2024-11-02T09:51:18.212Z - POST /api/auth/login
2024-11-02T09:51:35.127Z - POST /api/auth/login
2024-11-02T09:51:37.741Z - GET /api/admin/users
2024-11-02T09:51:38.000Z - GET /api/admin/users
2024-11-02T09:52:51.912Z - GET /api/admin/users
2024-11-02T09:58:12.644Z - POST /api/auth/login
2024-11-02T09:58:15.247Z - GET /api/admin/users
2024-11-02T09:58:15.498Z - GET /api/admin/users
2024-11-02T09:59:11.371Z - GET /api/admin/users
2024-11-02T09:59:11.667Z - GET /api/admin/users
2024-11-02T09:59:18.342Z - GET /api/admin/users
2024-11-02T09:59:18.571Z - GET /api/admin/users
2024-11-02T09:59:27.707Z - GET /api/admin/users
2024-11-02T09:59:27.713Z - GET /api/admin/users
2024-11-02T10:06:53.936Z - POST /api/auth/login
2024-11-02T10:06:56.727Z - GET /api/user/profile
2024-11-02T10:06:56.852Z - GET /api/user/profile
2024-11-02T10:07:32.561Z - PUT /api/user/profile
2024-11-02T10:07:36.795Z - GET /api/user/profile
2024-11-02T10:07:36.973Z - GET /api/user/profile
2024-11-02T10:07:41.819Z - GET /api/admin/users
2024-11-02T10:07:42.073Z - GET /api/admin/users
2024-11-02T10:08:02.722Z - DELETE /api/admin/users/671c9530f571b9003d18ae84
2024-11-02T10:08:04.263Z - DELETE /api/admin/users/671c931b95d9b6760c2574d5
2024-11-02T10:08:05.786Z - DELETE /api/admin/users/671c9455f571b9003d18ae7d
2024-11-02T10:08:06.409Z - DELETE /api/admin/users/671c94aaf571b9003d18ae81
2024-11-02T10:08:07.670Z - DELETE /api/admin/users/671c903c95d9b6760c2574c2
2024-11-02T10:08:08.305Z - DELETE /api/admin/users/671c907695d9b6760c2574c6
2024-11-02T10:08:08.953Z - DELETE /api/admin/users/671c91e595d9b6760c2574cd
2024-11-02T10:08:10.175Z - DELETE /api/admin/users/671c8b5b8d0f71fc154f4f15
2024-11-02T10:08:10.737Z - DELETE /api/admin/users/671c8d0d8d0f71fc154f4f1e
2024-11-02T10:08:11.305Z - DELETE /api/admin/users/671c8e6395d9b6760c2574ba
2024-11-02T10:08:12.554Z - DELETE /api/admin/users/671a23a1fa0845192e752f5d
2024-11-02T10:08:13.091Z - DELETE /api/admin/users/671a6cbb0bc3bc2b14abb3b9
2024-11-02T10:08:13.986Z - DELETE /api/admin/users/671b6d224bfb50b90b2fc691
2024-11-02T10:08:15.974Z - DELETE /api/admin/users/671c956af571b9003d18ae88
2024-11-02T10:08:16.601Z - DELETE /api/admin/users/671c958173a8feddb3cb827e
2024-11-02T10:08:17.105Z - DELETE /api/admin/users/671c968b73a8feddb3cb8282
2024-11-02T10:08:18.410Z - DELETE /api/admin/users/671c96acdc94111d4777715e
2024-11-02T10:08:19.057Z - DELETE /api/admin/users/671c97729e082c54b882c14b
2024-11-02T10:08:19.665Z - DELETE /api/admin/users/671c97b19e082c54b882c14e
2024-11-02T10:08:21.102Z - DELETE /api/admin/users/671c97ed9e082c54b882c153
2024-11-02T10:08:21.681Z - DELETE /api/admin/users/671c980d9e082c54b882c157
2024-11-02T10:08:22.553Z - DELETE /api/admin/users/671c99cb4120b2213af934d0
2024-11-02T10:08:23.950Z - DELETE /api/admin/users/671235ea47e1013b8575e480
2024-11-02T10:08:24.867Z - DELETE /api/admin/users/670f46d288e0a581e534ef7b
2024-11-02T10:08:25.853Z - DELETE /api/admin/users/670f4169d7822d137d594f16
2024-11-02T10:08:26.901Z - DELETE /api/admin/users/670f47d688e0a581e534ef7f
2024-11-02T10:08:27.910Z - DELETE /api/admin/users/670e6de7bf594824273b480d
2024-11-02T10:08:29.454Z - DELETE /api/admin/users/670f6393932cacc23fe4b305
2024-11-02T10:08:30.599Z - DELETE /api/admin/users/671a22e2fa0845192e752f58
2024-11-02T10:08:31.778Z - DELETE /api/admin/users/6718b1b29e471e98ec27592f
2024-11-02T10:08:33.215Z - DELETE /api/admin/users/671c9bf980bd2064c00cd703
2024-11-02T10:08:34.174Z - DELETE /api/admin/users/671c9ad55f8f675e55b12dd6
2024-11-02T10:08:44.346Z - DELETE /api/admin/users/6724a613c00543412073d977
2024-11-02T10:08:45.318Z - DELETE /api/admin/users/6723941c3a94dbcd3676e352
2024-11-02T10:08:46.180Z - DELETE /api/admin/users/671db197873ec9158beb7d2a
2024-11-02T10:08:46.913Z - DELETE /api/admin/users/671c9b4b5f7ccb9f4ada693e
2024-11-02T10:08:47.793Z - DELETE /api/admin/users/671c9c1d80bd2064c00cd706
2024-11-02T10:08:49.214Z - DELETE /api/admin/users/671c9baa8d0aafe6dd56b861
2024-11-02T10:09:05.294Z - DELETE /api/admin/users/672353e7957db3c348e77635
2024-11-02T10:09:06.734Z - DELETE /api/admin/users/671db415873ec9158beb7d2f
2024-11-02T10:09:10.487Z - DELETE /api/admin/users/67238e3a4a5f9ab9a1cd7240
2024-11-02T10:09:11.310Z - DELETE /api/admin/users/671f8f015d3ae925f0144dc7
2024-11-02T10:09:12.002Z - DELETE /api/admin/users/671f334f836e8bca55b5cdf2
2024-11-02T10:09:24.391Z - GET /api/user/profile
2024-11-02T10:09:24.520Z - GET /api/user/profile
2024-11-02T10:12:16.678Z - POST /api/auth/login
2024-11-02T10:12:38.933Z - POST /api/auth/login
2024-11-02T10:12:43.148Z - GET /api/user/profile
2024-11-02T10:12:43.303Z - GET /api/user/profile
2024-11-02T10:12:55.314Z - GET /api/admin/users
2024-11-02T10:12:55.601Z - GET /api/admin/users
2024-11-02T10:13:35.361Z - POST /api/admin/create
2024-11-02T10:13:43.224Z - GET /api/admin/users
2024-11-02T10:13:43.497Z - GET /api/admin/users
2024-11-02T10:14:14.761Z - POST /api/admin/create
2024-11-02T10:14:19.258Z - GET /api/admin/users
2024-11-02T10:14:19.493Z - GET /api/admin/users
2024-11-02T10:15:06.669Z - POST /api/auth/login
2024-11-02T10:15:09.429Z - GET /api/user/profile
2024-11-02T10:15:09.602Z - GET /api/user/profile
2024-11-02T10:15:18.503Z - PUT /api/user/profile
2024-11-02T10:15:21.972Z - GET /api/user/profile
2024-11-02T10:15:22.095Z - GET /api/user/profile
2024-11-02T10:15:38.978Z - POST /api/auth/login
2024-11-02T10:15:40.882Z - GET /api/admin/users
2024-11-02T10:15:41.166Z - GET /api/admin/users
2024-11-02T10:17:59.391Z - GET /api/admin/users
2024-11-02T10:19:01.786Z - GET /api/admin/users
2024-11-02T10:19:01.803Z - GET /api/admin/users
2024-11-02T10:19:17.991Z - POST /api/auth/login
2024-11-02T10:19:31.129Z - GET /api/admin/users
2024-11-02T10:19:31.358Z - GET /api/admin/users
2024-11-02T10:19:52.082Z - GET /api/admin/users
2024-11-02T10:19:52.093Z - GET /api/admin/users
2024-11-02T10:20:05.889Z - POST /api/auth/login
2024-11-02T10:20:09.606Z - GET /api/admin/users
2024-11-02T10:20:09.840Z - GET /api/admin/users
2024-11-02T10:21:25.639Z - GET /api/admin/users
2024-11-02T10:25:45.719Z - GET /api/admin/users
2024-11-02T10:25:45.724Z - GET /uploads/uploads/1730542518513-Screenshot%20from%202024-10-18%2018-59-56.png
2024-11-02T10:26:36.438Z - GET /api/admin/users
2024-11-02T10:26:36.447Z - GET /api/admin/users
2024-11-02T10:26:49.136Z - POST /api/auth/login
2024-11-02T10:26:51.303Z - GET /api/admin/users
2024-11-02T10:26:51.568Z - GET /api/admin/users
2024-11-02T10:26:51.579Z - GET /uploads/uploads/1730542518513-Screenshot%20from%202024-10-18%2018-59-56.png
2024-11-02T10:27:05.138Z - GET /api/user/profile
2024-11-02T10:27:05.269Z - GET /api/user/profile
2024-11-02T10:27:09.385Z - GET /api/admin/users
2024-11-02T10:27:09.616Z - GET /api/admin/users
2024-11-02T10:27:09.623Z - GET /uploads/uploads/1730542518513-Screenshot%20from%202024-10-18%2018-59-56.png
2024-11-02T10:27:20.540Z - GET /uploads/1730542052581-Screenshot
2024-11-02T10:28:48.797Z - GET /favicon.ico
2024-11-02T10:30:14.722Z - GET /uploads/1730542518513-Screenshot
2024-11-02T10:31:21.097Z - GET /api/admin/users
2024-11-02T10:31:28.033Z - GET /api/user/profile
2024-11-02T10:31:28.156Z - GET /api/user/profile
2024-11-02T10:31:48.769Z - GET /api/admin/users
2024-11-02T10:31:49.002Z - GET /api/admin/users
2024-11-02T10:31:49.008Z - GET /uploads/uploads/1730542518513-Screenshot%20from%202024-10-18%2018-59-56.png
2024-11-02T10:32:39.398Z - GET /api/admin/users
2024-11-02T10:34:06.755Z - GET /api/user/profile
2024-11-02T10:34:07.016Z - GET /api/user/profile
2024-11-02T10:34:47.356Z - POST /api/auth/register
2024-11-02T10:35:08.917Z - POST /api/auth/login
2024-11-02T10:35:21.004Z - POST /api/auth/login
2024-11-02T10:35:23.694Z - GET /api/user/profile
2024-11-02T10:35:23.911Z - GET /api/user/profile
2024-11-02T10:35:32.278Z - PUT /api/user/profile
2024-11-02T10:35:35.134Z - GET /api/user/profile
2024-11-02T10:35:35.263Z - GET /api/user/profile
2024-11-02T10:35:52.387Z - POST /api/auth/login
2024-11-02T10:35:56.560Z - GET /api/admin/users
2024-11-02T10:35:57.064Z - GET /api/admin/users
2024-11-02T10:35:57.074Z - GET /uploads/uploads/1730542518513-Screenshot%20from%202024-10-18%2018-59-56.png
2024-11-02T10:35:57.076Z - GET /uploads/uploads/1730543732299-Screenshot%20from%202024-10-04%2009-49-18.png
2024-11-02T10:36:17.993Z - GET /api/admin/users
2024-11-02T10:36:24.146Z - GET /api/admin/users
2024-11-02T10:36:24.394Z - GET /api/admin/users
2024-11-02T10:36:24.405Z - GET /uploads/uploads/1730542518513-Screenshot%20from%202024-10-18%2018-59-56.png
2024-11-02T10:36:24.406Z - GET /uploads/uploads/1730543732299-Screenshot%20from%202024-10-04%2009-49-18.png
2024-11-02T10:37:25.872Z - GET /api/admin/users
2024-11-02T10:37:35.715Z - GET /api/admin/users
2024-11-02T10:37:36.137Z - GET /api/admin/users
2024-11-02T10:38:43.058Z - GET /api/admin/users
2024-11-02T10:38:48.794Z - GET /api/admin/users
2024-11-02T10:38:49.030Z - GET /api/admin/users
2024-11-02T10:39:57.084Z - GET /api/admin/users
2024-11-02T10:40:04.490Z - GET /api/admin/users
2024-11-02T10:40:04.730Z - GET /api/admin/users
2024-11-02T10:40:30.934Z - GET /api/admin/users
2024-11-02T10:40:38.259Z - GET /api/admin/users
2024-11-02T10:40:38.491Z - GET /api/admin/users
2024-11-02T10:41:54.844Z - POST /api/auth/login
2024-11-02T10:41:56.601Z - GET /api/admin/users
2024-11-02T10:41:57.182Z - GET /api/admin/users
2024-11-02T10:42:26.452Z - GET /api/admin/users
2024-11-02T10:42:30.224Z - GET /api/admin/users
2024-11-02T10:42:30.567Z - GET /api/admin/users
2024-11-02T10:42:37.975Z - GET /api/admin/users
2024-11-02T10:42:38.195Z - GET /api/admin/users
2024-11-02T10:42:46.629Z - GET /api/admin/users
2024-11-02T10:42:46.859Z - GET /api/admin/users
2024-11-02T10:43:19.942Z - GET /api/admin/users
2024-11-02T10:46:12.653Z - GET /api/admin/users
2024-11-02T10:46:19.632Z - GET /api/admin/users
2024-11-02T10:46:19.875Z - GET /api/admin/users
2024-11-02T10:46:29.053Z - GET /api/admin/users
2024-11-02T10:46:29.554Z - GET /api/admin/users
2024-11-02T10:47:15.801Z - GET /api/admin/users
2024-11-02T10:47:30.798Z - GET /api/admin/users
2024-11-02T10:47:58.213Z - GET /api/user/profile
2024-11-02T10:47:58.370Z - GET /api/user/profile
2024-11-02T10:48:15.109Z - POST /api/auth/login
2024-11-02T10:48:17.365Z - GET /api/user/profile
2024-11-02T10:48:17.511Z - GET /api/user/profile
2024-11-02T10:48:44.899Z - POST /api/auth/login
2024-11-02T10:48:47.141Z - GET /api/admin/users
2024-11-02T10:48:47.453Z - GET /api/admin/users
2024-11-02T10:49:19.181Z - POST /api/auth/login
2024-11-02T10:49:21.768Z - GET /api/user/profile
2024-11-02T10:49:21.877Z - GET /api/user/profile
2024-11-02T10:49:47.007Z - POST /api/auth/login
2024-11-02T10:49:48.812Z - GET /api/admin/users
2024-11-02T10:49:49.047Z - GET /api/admin/users
2024-11-02T10:51:17.988Z - POST /api/auth/register
2024-11-02T10:51:37.273Z - POST /api/auth/login
2024-11-02T10:51:44.953Z - POST /api/auth/login
2024-11-02T10:51:46.972Z - GET /api/user/profile
2024-11-02T10:51:47.128Z - GET /api/user/profile
2024-11-02T10:52:08.125Z - PUT /api/user/profile
2024-11-02T10:52:10.258Z - GET /api/user/profile
2024-11-02T10:52:10.393Z - GET /api/user/profile
2024-11-02T10:52:24.824Z - POST /api/auth/login
2024-11-02T10:52:27.019Z - GET /api/admin/users
2024-11-02T10:52:27.282Z - GET /api/admin/users
2024-11-02T10:54:00.864Z - POST /api/auth/login
2024-11-02T10:54:03.177Z - GET /api/admin/users
2024-11-02T10:54:03.427Z - GET /api/admin/users
2024-11-02T10:55:32.137Z - GET /api/admin/users
2024-11-02T10:55:32.156Z - GET /api/admin/users
2024-11-02T10:55:47.273Z - POST /api/auth/login
2024-11-02T10:56:03.698Z - GET /api/admin/users
2024-11-02T10:56:03.937Z - GET /api/admin/users
2024-11-02T10:57:00.891Z - GET /api/admin/users
2024-11-02T10:57:01.132Z - GET /api/admin/users
2024-11-02T10:57:04.943Z - GET /api/admin/users
2024-11-02T10:57:04.952Z - GET /api/admin/users
2024-11-02T10:57:20.734Z - POST /api/auth/login
2024-11-02T10:57:22.380Z - GET /api/admin/users
2024-11-02T10:57:22.611Z - GET /api/admin/users
2024-11-02T10:58:33.521Z - GET /api/admin/users
2024-11-02T11:00:16.718Z - GET /api/admin/users
2024-11-02T11:00:16.967Z - GET /api/admin/users
2024-11-02T11:03:44.129Z - GET /api/admin/users
2024-11-02T11:03:44.146Z - GET /api/admin/users
2024-11-02T11:03:58.988Z - POST /api/auth/login
2024-11-02T11:04:00.844Z - GET /api/admin/users
2024-11-02T11:04:01.059Z - GET /api/admin/users
2024-11-02T11:04:08.320Z - GET /api/user/profile
2024-11-02T11:04:08.486Z - GET /api/user/profile
2024-11-02T11:04:15.915Z - PUT /api/user/profile
2024-11-02T11:04:19.411Z - GET /api/user/profile
2024-11-02T11:04:19.597Z - GET /api/user/profile
2024-11-02T11:04:26.382Z - PUT /api/user/profile
2024-11-02T11:04:28.405Z - GET /api/user/profile
2024-11-02T11:04:28.590Z - GET /api/user/profile
2024-11-02T11:04:30.460Z - GET /api/admin/users
2024-11-02T11:04:30.703Z - GET /api/admin/users
2024-11-02T11:08:44.713Z - GET /api/admin/users
2024-11-02T11:09:17.342Z - GET /api/user/profile
2024-11-02T11:09:17.451Z - GET /api/user/profile
2024-11-02T11:09:19.815Z - GET /api/admin/users
2024-11-02T11:09:20.167Z - GET /api/admin/users
2024-11-02T11:09:22.441Z - GET /api/user/profile
2024-11-02T11:09:22.549Z - GET /api/user/profile
2024-11-02T11:09:25.713Z - GET /api/user/profile
2024-11-02T11:09:25.822Z - GET /api/user/profile
2024-11-02T11:09:32.813Z - GET /api/user/profile
2024-11-02T11:09:32.920Z - GET /api/user/profile
2024-11-02T11:09:55.332Z - POST /api/auth/register
2024-11-02T11:10:10.651Z - POST /api/auth/login
2024-11-02T11:10:12.622Z - GET /api/user/profile
2024-11-02T11:10:12.738Z - GET /api/user/profile
2024-11-02T11:10:20.940Z - PUT /api/user/profile
2024-11-02T11:10:23.756Z - GET /api/user/profile
2024-11-02T11:10:23.857Z - GET /api/user/profile
2024-11-02T11:10:35.640Z - POST /api/auth/login
2024-11-02T11:10:37.266Z - GET /api/admin/users
2024-11-02T11:10:37.473Z - GET /api/admin/users
2024-11-02T11:51:08.036Z - POST /api/auth/login
2024-11-02T11:51:30.369Z - POST /api/auth/login
2024-11-02T11:51:32.504Z - GET /api/admin/users
2024-11-02T11:51:32.699Z - GET /api/admin/users
2024-11-02T12:47:34.379Z - POST /api/auth/login
2024-11-02T12:47:58.737Z - GET /api/user/profile
2024-11-02T12:47:59.044Z - GET /api/user/profile
2024-11-02T12:48:03.503Z - GET /api/admin/users
2024-11-02T12:48:03.748Z - GET /api/admin/users
2024-11-02T12:56:04.222Z - GET /api/admin/users
2024-11-02T12:56:04.462Z - GET /api/admin/users
2024-11-02T13:00:57.293Z - GET /api/admin/users
2024-11-02T13:00:57.698Z - GET /api/admin/users
2024-11-02T13:01:01.131Z - GET /api/admin/users
2024-11-02T13:01:01.382Z - GET /api/admin/users
2024-11-02T13:16:05.378Z - POST /api/auth/login
2024-11-02T13:16:12.206Z - GET /api/admin/users
2024-11-02T13:16:12.418Z - GET /api/admin/users
2024-11-02T13:16:42.189Z - GET /api/admin/users
2024-11-02T13:16:51.574Z - GET /api/admin/users
2024-11-02T13:21:33.501Z - GET /api/user/profile
2024-11-02T13:21:33.699Z - GET /api/user/profile
2024-11-02T13:21:37.679Z - GET /api/admin/users
2024-11-02T13:21:37.900Z - GET /api/admin/users
2024-11-02T13:22:02.421Z - GET /api/admin/users
2024-11-02T13:22:02.705Z - GET /api/admin/users
2024-11-02T13:28:08.711Z - GET /api/admin/users
2024-11-02T13:43:15.895Z - GET /api/user/profile
2024-11-02T13:43:16.005Z - GET /api/user/profile
2024-11-02T13:43:22.074Z - GET /api/admin/users
2024-11-02T13:43:22.309Z - GET /api/admin/users
2024-11-02T13:52:21.396Z - GET /api/admin/users
2024-11-02T13:52:21.624Z - GET /api/admin/users
2024-11-02T13:52:30.713Z - GET /api/user/profile
2024-11-02T13:52:30.908Z - GET /api/user/profile
2024-11-02T14:03:31.439Z - POST /api/auth/login
2024-11-02T14:03:42.233Z - GET /api/admin/users
2024-11-02T14:03:42.447Z - GET /api/admin/users
2024-11-02T14:03:54.590Z - GET /api/user/profile
2024-11-02T14:03:54.727Z - GET /api/user/profile
2024-11-02T14:04:00.404Z - GET /api/admin/users
2024-11-02T14:04:00.680Z - GET /api/admin/users
2024-11-02T14:04:03.696Z - GET /api/user/profile
2024-11-02T14:04:03.825Z - GET /api/user/profile
2024-11-02T14:38:03.194Z - POST /api/auth/login
2024-11-02T14:38:07.988Z - GET /api/admin/users
2024-11-02T14:38:08.260Z - GET /api/admin/users
2024-11-02T14:38:20.400Z - GET /api/user/profile
2024-11-02T14:38:20.539Z - GET /api/user/profile
2024-11-02T14:38:29.389Z - GET /api/admin/users
2024-11-02T14:38:29.666Z - GET /api/admin/users
2024-11-02T15:20:55.271Z - POST /api/auth/login
2024-11-02T15:20:57.881Z - GET /api/user/profile
2024-11-02T15:20:58.077Z - GET /api/user/profile
2024-11-02T15:21:02.941Z - GET /api/admin/users
2024-11-02T15:21:03.860Z - GET /api/admin/users
2024-11-02T15:21:10.592Z - GET /api/user/profile
2024-11-02T15:21:10.756Z - GET /api/user/profile
2024-11-02T15:21:55.448Z - GET /api/user/profile
2024-11-02T15:21:55.550Z - GET /api/user/profile
2024-11-02T15:21:57.480Z - GET /api/user/profile
2024-11-02T15:21:57.590Z - GET /api/user/profile
2024-11-02T15:22:00.541Z - GET /api/admin/users
2024-11-02T15:22:01.252Z - GET /api/admin/users
2024-11-02T15:22:03.120Z - GET /api/admin/users
2024-11-02T15:22:03.329Z - GET /api/admin/users
2024-11-02T15:22:05.285Z - GET /api/admin/users
2024-11-02T15:22:05.499Z - GET /api/admin/users
2024-11-02T15:22:07.502Z - GET /api/admin/users
2024-11-02T15:22:07.743Z - GET /api/admin/users
2024-11-02T15:22:10.210Z - GET /api/admin/users
2024-11-02T15:22:10.433Z - GET /api/admin/users
2024-11-02T15:22:36.350Z - GET /api/admin/users
2024-11-02T15:22:36.595Z - GET /api/admin/users
2024-11-02T15:22:39.024Z - GET /api/admin/users
2024-11-02T15:22:39.237Z - GET /api/admin/users
2024-11-02T15:22:47.207Z - GET /api/user/profile
2024-11-02T15:22:47.339Z - GET /api/user/profile
2024-11-02T15:22:48.802Z - GET /api/user/profile
2024-11-02T15:22:48.916Z - GET /api/user/profile
2024-11-02T15:22:55.377Z - GET /api/admin/users
2024-11-02T15:22:55.636Z - GET /api/admin/users
2024-11-02T15:22:57.416Z - GET /api/admin/users
2024-11-02T15:22:57.679Z - GET /api/admin/users
2024-11-02T15:23:08.273Z - GET /api/admin/users
2024-11-02T15:23:08.475Z - GET /api/admin/users
2024-11-02T15:23:09.903Z - GET /api/admin/users
2024-11-02T15:23:10.125Z - GET /api/admin/users
2024-11-02T15:23:11.981Z - GET /api/admin/users
2024-11-02T15:23:12.195Z - GET /api/admin/users
2024-11-02T15:23:14.612Z - GET /api/admin/users
2024-11-02T15:23:14.965Z - GET /api/admin/users
2024-11-02T15:23:16.777Z - GET /api/admin/users
2024-11-02T15:23:17.021Z - GET /api/admin/users
2024-11-02T15:23:18.581Z - GET /api/user/profile
2024-11-02T15:23:18.779Z - GET /api/user/profile
2024-11-02T15:24:38.479Z - GET /api/admin/users
2024-11-02T15:24:38.728Z - GET /api/admin/users
2024-11-02T15:33:08.124Z - POST /api/auth/login
2024-11-02T15:33:11.828Z - GET /api/user/profile
2024-11-02T15:33:11.978Z - GET /api/user/profile
2024-11-02T15:33:23.453Z - GET /api/admin/users
2024-11-02T15:33:23.678Z - GET /api/admin/users
2024-11-02T15:43:07.583Z - POST /api/auth/login
2024-11-02T15:43:10.399Z - GET /api/user/profile
2024-11-02T15:43:10.511Z - GET /api/user/profile
2024-11-02T15:43:14.701Z - GET /api/admin/users
2024-11-02T15:43:14.944Z - GET /api/admin/users
2024-11-02T15:43:22.607Z - GET /api/user/profile
2024-11-02T15:43:22.863Z - GET /api/user/profile
2024-11-02T15:43:26.246Z - GET /api/admin/users
2024-11-02T15:43:26.482Z - GET /api/admin/users
2024-11-02T15:43:33.431Z - GET /api/user/profile
2024-11-02T15:43:33.606Z - GET /api/user/profile
2024-11-02T15:44:29.397Z - GET /api/user/profile
2024-11-02T15:44:29.510Z - GET /api/user/profile
2024-11-02T15:45:15.094Z - GET /api/user/profile
2024-11-02T15:45:15.217Z - GET /api/user/profile
2024-11-02T15:45:16.442Z - GET /api/user/profile
2024-11-02T15:45:16.570Z - GET /api/user/profile
2024-11-02T15:45:20.223Z - GET /api/admin/users
2024-11-02T15:45:20.970Z - GET /api/admin/users
2024-11-02T15:45:28.423Z - GET /api/user/profile
2024-11-02T15:45:28.541Z - GET /api/user/profile
2024-11-02T15:53:35.794Z - GET /api/user/profile
2024-11-02T15:53:35.916Z - GET /api/user/profile
2024-11-02T15:53:39.889Z - GET /api/admin/users
2024-11-02T15:53:40.103Z - GET /api/admin/users
2024-11-02T15:57:48.600Z - GET /api/user/profile
2024-11-02T15:57:48.722Z - GET /api/user/profile
2024-11-02T15:57:54.604Z - GET /api/admin/users
2024-11-02T15:57:54.868Z - GET /api/admin/users
2024-11-02T16:08:23.258Z - POST /api/auth/login
2024-11-02T16:08:25.593Z - GET /api/user/profile
2024-11-02T16:08:25.703Z - GET /api/user/profile
2024-11-02T16:08:37.670Z - GET /api/user/profile
2024-11-02T16:08:37.810Z - GET /api/user/profile
2024-11-09T04:22:35.778Z - POST /api/auth/login
2024-11-09T04:22:42.088Z - GET /api/user/profile
2024-11-09T04:22:42.204Z - GET /api/user/profile
2024-11-09T04:23:14.908Z - POST /api/ai/sentiment
2024-11-09T04:23:50.774Z - POST /api/ai/recommendations
2024-11-09T04:24:01.484Z - GET /api/admin/users
2024-11-09T04:24:01.708Z - GET /api/admin/users
2024-11-09T04:24:01.722Z - GET /
2024-11-09T04:24:42.696Z - POST /api/auth/login
2024-11-09T04:24:45.142Z - GET /api/user/profile
2024-11-09T04:24:45.266Z - GET /api/user/profile
2024-11-09T04:24:53.920Z - PUT /api/user/profile
2024-11-09T04:24:57.557Z - GET /api/user/profile
2024-11-09T04:24:57.676Z - GET /api/user/profile
2024-11-09T04:25:14.138Z - POST /api/auth/login
2024-11-09T04:25:16.505Z - GET /api/user/profile
2024-11-09T04:25:16.608Z - GET /api/user/profile
2024-11-09T04:25:30.203Z - PUT /api/user/profile
2024-11-09T04:25:32.220Z - GET /api/user/profile
2024-11-09T04:25:32.385Z - GET /api/user/profile
2024-11-09T04:25:51.820Z - POST /api/auth/login
2024-11-09T04:25:58.703Z - GET /api/user/profile
2024-11-09T04:25:58.825Z - GET /api/user/profile
2024-11-09T04:26:00.804Z - GET /api/admin/users
2024-11-09T04:26:01.082Z - GET /api/admin/users
2024-11-09T04:26:13.540Z - DELETE /api/admin/users/6725fb772e75e1a61c93a56d
2024-11-09T04:26:15.623Z - DELETE /api/admin/users/672600477401ee7d4d15462a
2024-11-09T04:26:16.775Z - DELETE /api/admin/users/67260426154d04125e3a160f
2024-11-09T04:26:24.554Z - DELETE /api/admin/users/672608838ac732dcaed8c5e1
2024-11-09T04:26:25.599Z - DELETE /api/admin/users/67274b16f6c3bb5d085f53f5
2024-11-09T04:26:26.967Z - DELETE /api/admin/users/672cc045eac6f2f1dea2edd3
2024-11-09T04:26:57.092Z - POST /api/admin/create
2024-11-09T04:27:15.551Z - POST /api/auth/login
2024-11-09T04:27:18.823Z - GET /api/admin/users
2024-11-09T04:27:19.040Z - GET /api/admin/users
2024-11-09T04:27:21.822Z - GET /api/user/profile
2024-11-09T04:27:21.959Z - GET /api/user/profile
2024-11-09T04:27:36.058Z - PUT /api/user/profile
2024-11-09T04:27:38.020Z - GET /api/user/profile
2024-11-09T04:27:38.419Z - GET /api/user/profile
2024-11-09T04:27:39.866Z - GET /api/admin/users
2024-11-09T04:27:40.086Z - GET /api/admin/users
2024-11-09T04:38:06.796Z - POST /api/user/reset-password
2024-11-09T04:40:27.819Z - POST /api/auth/login
2024-11-09T04:40:34.511Z - GET /api/user/profile
2024-11-09T04:40:34.732Z - GET /api/user/profile
2024-11-09T04:40:42.188Z - GET /api/admin/users
2024-11-09T04:40:43.001Z - GET /api/admin/users
2024-11-09T04:41:07.562Z - POST /api/admin/create
2024-11-09T04:41:10.876Z - GET /api/admin/users
2024-11-09T04:41:11.087Z - GET /api/admin/users
2024-11-09T04:41:11.090Z - GET /
2024-11-09T04:41:54.480Z - POST /api/ai/recommendations
2024-11-09T04:42:37.887Z - POST /api/ai/recommendations
2024-11-09T04:43:12.685Z - GET /api/admin/users
2024-11-09T04:43:12.889Z - GET /api/admin/users
2024-11-09T04:43:12.893Z - GET /
2024-11-09T04:43:26.055Z - POST /api/ai/sentiment
2024-11-09T04:43:41.147Z - POST /api/ai/sentiment
2024-11-09T04:43:46.838Z - GET /api/user/profile
2024-11-09T04:43:47.080Z - GET /api/user/profile
2024-11-09T04:44:17.948Z - GET /api/admin/users
2024-11-09T04:44:18.243Z - GET /api/admin/users
2024-11-09T04:44:18.245Z - GET /
2024-11-09T08:53:35.791Z - POST /api/auth/login
2024-11-09T08:53:38.732Z - GET /api/admin/users
2024-11-09T08:53:38.969Z - GET /api/admin/users
2024-11-09T08:53:38.973Z - GET /
2024-11-09T08:53:42.170Z - DELETE /api/admin/users/672ee7e3bb2a3ea478d47990
2024-11-09T08:58:51.514Z - POST /api/auth/login
2024-11-09T08:58:54.733Z - GET /api/user/profile
2024-11-09T08:58:55.008Z - GET /api/user/profile
2024-11-09T08:58:55.013Z - GET /uploads/1731137991770-963721595-Screenshot%20from%202024-10-21%2009-02-56.png
2024-11-09T08:59:04.863Z - GET /api/user/profile
2024-11-09T08:59:05.043Z - GET /api/user/profile
2024-11-09T08:59:05.046Z - GET /uploads/1731137991770-963721595-Screenshot%20from%202024-10-21%2009-02-56.png
2024-11-09T08:59:06.369Z - GET /api/admin/users
2024-11-09T08:59:06.604Z - GET /api/admin/users
2024-11-09T08:59:11.818Z - GET /api/user/profile
2024-11-09T08:59:12.006Z - GET /api/user/profile
2024-11-09T08:59:12.009Z - GET /uploads/1731137991770-963721595-Screenshot%20from%202024-10-21%2009-02-56.png
2024-11-09T09:00:12.422Z - GET /api/user/profile
2024-11-09T09:00:12.628Z - GET /api/user/profile
2024-11-09T09:00:12.631Z - GET /uploads/1731137991770-963721595-Screenshot%20from%202024-10-21%2009-02-56.png
2024-11-09T09:01:34.647Z - GET /api/user/profile
2024-11-09T09:01:35.050Z - GET /api/user/profile
2024-11-09T09:01:35.053Z - GET /uploads/1731137991770-963721595-Screenshot%20from%202024-10-21%2009-02-56.png
2024-11-09T09:01:39.797Z - GET /api/user/profile
2024-11-09T09:01:40.077Z - GET /api/user/profile
2024-11-09T09:01:40.080Z - GET /uploads/1731137991770-963721595-Screenshot%20from%202024-10-21%2009-02-56.png
2024-11-09T09:01:43.377Z - GET /api/admin/users
2024-11-09T09:01:43.778Z - GET /api/admin/users
2024-11-09T09:01:49.129Z - GET /api/user/profile
2024-11-09T09:01:49.508Z - GET /api/user/profile
2024-11-09T09:01:49.511Z - GET /uploads/1731137991770-963721595-Screenshot%20from%202024-10-21%2009-02-56.png
2024-11-09T09:02:07.371Z - GET /api/admin/users
2024-11-09T09:02:07.725Z - GET /api/admin/users
2024-11-09T09:03:57.161Z - GET /api/user/profile
2024-11-09T09:03:57.293Z - GET /api/user/profile
2024-11-09T09:03:57.296Z - GET /uploads/1731137991770-963721595-Screenshot%20from%202024-10-21%2009-02-56.png
2024-11-09T09:05:04.816Z - GET /api/user/profile
2024-11-09T09:05:05.500Z - GET /api/user/profile
2024-11-09T09:05:05.512Z - GET /uploads/1731137991770-963721595-Screenshot%20from%202024-10-21%2009-02-56.png
2024-11-09T09:05:28.289Z - GET /api/user/profile
2024-11-09T09:05:28.401Z - GET /api/user/profile
2024-11-09T09:05:28.405Z - GET /uploads/1731137991770-963721595-Screenshot%20from%202024-10-21%2009-02-56.png
2024-11-09T09:05:34.073Z - GET /api/user/profile
2024-11-09T09:05:34.370Z - GET /api/user/profile
2024-11-09T09:05:34.373Z - GET /uploads/1731137991770-963721595-Screenshot%20from%202024-10-21%2009-02-56.png
2024-11-09T09:05:43.720Z - GET /api/user/profile
2024-11-09T09:05:43.995Z - GET /api/user/profile
2024-11-09T09:05:43.998Z - GET /uploads/1731137991770-963721595-Screenshot%20from%202024-10-21%2009-02-56.png
2024-11-09T09:05:48.848Z - GET /api/user/profile
2024-11-09T09:05:48.963Z - GET /api/user/profile
2024-11-09T09:05:48.967Z - GET /uploads/1731137991770-963721595-Screenshot%20from%202024-10-21%2009-02-56.png
2024-11-09T09:05:53.280Z - GET /api/user/profile
2024-11-09T09:05:53.621Z - GET /api/user/profile
2024-11-09T09:05:53.624Z - GET /uploads/1731137991770-963721595-Screenshot%20from%202024-10-21%2009-02-56.png
2024-11-09T09:06:11.436Z - GET /api/user/profile
2024-11-09T09:06:11.644Z - GET /api/user/profile
2024-11-09T09:06:11.647Z - GET /uploads/1731137991770-963721595-Screenshot%20from%202024-10-21%2009-02-56.png
2024-11-09T09:06:47.328Z - GET /api/user/profile
2024-11-09T09:06:47.502Z - GET /api/user/profile
2024-11-09T09:06:47.504Z - GET /uploads/1731137991770-963721595-Screenshot%20from%202024-10-21%2009-02-56.png
2024-11-09T09:06:49.044Z - GET /api/user/profile
2024-11-09T09:06:49.327Z - GET /api/user/profile
2024-11-09T09:06:49.330Z - GET /uploads/1731137991770-963721595-Screenshot%20from%202024-10-21%2009-02-56.png
2024-11-09T09:06:56.385Z - GET /api/user/profile
2024-11-09T09:06:56.699Z - GET /api/user/profile
2024-11-09T09:06:56.703Z - GET /uploads/1731137991770-963721595-Screenshot%20from%202024-10-21%2009-02-56.png
2024-11-09T09:07:09.057Z - GET /api/user/profile
2024-11-09T09:07:09.174Z - GET /api/user/profile
2024-11-09T09:07:09.177Z - GET /uploads/1731137991770-963721595-Screenshot%20from%202024-10-21%2009-02-56.png
2024-11-09T09:07:16.625Z - GET /api/user/profile
2024-11-09T09:07:16.770Z - GET /api/user/profile
2024-11-09T09:07:16.773Z - GET /uploads/1731137991770-963721595-Screenshot%20from%202024-10-21%2009-02-56.png
2024-11-09T09:08:10.834Z - GET /api/user/profile
2024-11-09T09:08:11.042Z - GET /api/user/profile
2024-11-09T09:08:11.046Z - GET /uploads/1731137991770-963721595-Screenshot%20from%202024-10-21%2009-02-56.png
2024-11-09T09:08:15.275Z - GET /api/user/profile
2024-11-09T09:08:15.547Z - GET /api/user/profile
2024-11-09T09:08:15.550Z - GET /uploads/1731137991770-963721595-Screenshot%20from%202024-10-21%2009-02-56.png
2024-11-09T09:08:17.481Z - GET /api/user/profile
2024-11-09T09:08:17.645Z - GET /api/user/profile
2024-11-09T09:08:17.648Z - GET /uploads/1731137991770-963721595-Screenshot%20from%202024-10-21%2009-02-56.png
2024-11-09T09:08:19.266Z - GET /api/user/profile
2024-11-09T09:08:19.400Z - GET /api/user/profile
2024-11-09T09:08:19.404Z - GET /uploads/1731137991770-963721595-Screenshot%20from%202024-10-21%2009-02-56.png
2024-11-09T09:08:21.930Z - GET /api/user/profile
2024-11-09T09:08:22.101Z - GET /api/user/profile
2024-11-09T09:08:22.103Z - GET /uploads/1731137991770-963721595-Screenshot%20from%202024-10-21%2009-02-56.png
2024-11-09T09:08:23.270Z - GET /api/user/profile
2024-11-09T09:08:23.535Z - GET /api/user/profile
2024-11-09T09:08:23.538Z - GET /uploads/1731137991770-963721595-Screenshot%20from%202024-10-21%2009-02-56.png
2024-11-09T09:09:20.536Z - GET /api/user/profile
2024-11-09T09:09:20.878Z - GET /api/user/profile
2024-11-09T09:09:20.881Z - GET /uploads/1731137991770-963721595-Screenshot%20from%202024-10-21%2009-02-56.png
2024-11-09T09:09:22.581Z - GET /api/user/profile
2024-11-09T09:09:22.927Z - GET /api/user/profile
2024-11-09T09:09:22.930Z - GET /uploads/1731137991770-963721595-Screenshot%20from%202024-10-21%2009-02-56.png
2024-11-09T09:09:52.444Z - GET /api/user/profile
2024-11-09T09:09:52.565Z - GET /api/user/profile
2024-11-09T09:09:52.569Z - GET /uploads/1731137991770-963721595-Screenshot%20from%202024-10-21%2009-02-56.png
2024-11-09T09:10:09.212Z - GET /api/user/profile
2024-11-09T09:10:09.333Z - GET /api/user/profile
2024-11-09T09:10:09.338Z - GET /uploads/1731137991770-963721595-Screenshot%20from%202024-10-21%2009-02-56.png
2024-11-09T09:12:40.699Z - GET /api/user/profile
2024-11-09T09:12:41.194Z - GET /api/user/profile
2024-11-09T09:12:41.198Z - GET /uploads/1731137991770-963721595-Screenshot%20from%202024-10-21%2009-02-56.png
2024-11-09T09:14:33.005Z - GET /api/user/profile
2024-11-09T09:14:33.200Z - GET /api/user/profile
2024-11-09T09:14:33.204Z - GET /uploads/1731137991770-963721595-Screenshot%20from%202024-10-21%2009-02-56.png
2024-11-09T09:14:36.794Z - GET /api/user/profile
2024-11-09T09:14:37.090Z - GET /api/user/profile
2024-11-09T09:14:37.093Z - GET /uploads/1731137991770-963721595-Screenshot%20from%202024-10-21%2009-02-56.png
2024-11-09T09:15:57.253Z - GET /api/user/profile
2024-11-09T09:15:57.576Z - GET /api/user/profile
2024-11-09T09:15:57.579Z - GET /uploads/1731137991770-963721595-Screenshot%20from%202024-10-21%2009-02-56.png
2024-11-09T09:16:04.966Z - GET /api/user/profile
2024-11-09T09:16:05.154Z - GET /api/user/profile
2024-11-09T09:16:05.157Z - GET /uploads/1731137991770-963721595-Screenshot%20from%202024-10-21%2009-02-56.png
2024-11-09T09:16:07.679Z - GET /api/user/profile
2024-11-09T09:16:08.021Z - GET /api/user/profile
2024-11-09T09:16:08.024Z - GET /uploads/1731137991770-963721595-Screenshot%20from%202024-10-21%2009-02-56.png
2024-11-09T09:16:14.719Z - GET /api/admin/users
2024-11-09T09:16:15.191Z - GET /api/admin/users
2024-11-09T09:16:20.260Z - GET /api/user/profile
2024-11-09T09:16:20.514Z - GET /api/user/profile
2024-11-09T09:16:20.518Z - GET /uploads/1731137991770-963721595-Screenshot%20from%202024-10-21%2009-02-56.png
2024-11-09T09:17:04.734Z - GET /api/user/profile
2024-11-09T09:17:04.955Z - GET /api/user/profile
2024-11-09T09:17:04.958Z - GET /uploads/1731137991770-963721595-Screenshot%20from%202024-10-21%2009-02-56.png
2024-11-09T09:17:08.332Z - GET /api/admin/users
2024-11-09T09:17:08.641Z - GET /api/admin/users
2024-11-09T09:17:22.158Z - GET /api/user/profile
2024-11-09T09:17:22.363Z - GET /api/user/profile
2024-11-09T09:17:22.366Z - GET /uploads/1731137991770-963721595-Screenshot%20from%202024-10-21%2009-02-56.png
2024-11-09T09:18:05.627Z - GET /api/user/profile
2024-11-09T09:18:05.781Z - GET /api/user/profile
2024-11-09T09:18:05.785Z - GET /uploads/1731137991770-963721595-Screenshot%20from%202024-10-21%2009-02-56.png
2024-11-09T09:18:09.282Z - GET /api/admin/users
2024-11-09T09:18:09.672Z - GET /api/admin/users
2024-11-09T09:18:44.541Z - GET /api/user/profile
2024-11-09T09:18:44.693Z - GET /api/user/profile
2024-11-09T09:18:44.697Z - GET /uploads/1731137991770-963721595-Screenshot%20from%202024-10-21%2009-02-56.png
2024-11-09T09:18:49.292Z - GET /api/admin/users
2024-11-09T09:18:49.819Z - GET /api/admin/users
2024-11-09T09:18:54.809Z - GET /api/user/profile
2024-11-09T09:18:55.034Z - GET /api/user/profile
2024-11-09T09:18:55.038Z - GET /uploads/1731137991770-963721595-Screenshot%20from%202024-10-21%2009-02-56.png
2024-11-09T09:18:58.156Z - GET /api/admin/users
2024-11-09T09:18:58.708Z - GET /api/admin/users
2024-11-09T09:19:02.893Z - GET /api/user/profile
2024-11-09T09:19:03.125Z - GET /api/user/profile
2024-11-09T09:19:03.128Z - GET /uploads/1731137991770-963721595-Screenshot%20from%202024-10-21%2009-02-56.png
2024-11-09T09:20:51.597Z - GET /api/user/profile
2024-11-09T09:20:51.709Z - GET /api/user/profile
2024-11-09T09:20:51.711Z - GET /uploads/1731137991770-963721595-Screenshot%20from%202024-10-21%2009-02-56.png
2024-11-09T09:20:55.872Z - GET /api/admin/users
2024-11-09T09:20:56.404Z - GET /api/admin/users
2024-11-09T09:21:00.375Z - GET /api/admin/users
2024-11-09T09:21:00.890Z - GET /api/admin/users
2024-11-09T09:21:15.620Z - GET /api/user/profile
2024-11-09T09:21:15.835Z - GET /api/user/profile
2024-11-09T09:21:15.838Z - GET /uploads/1731137991770-963721595-Screenshot%20from%202024-10-21%2009-02-56.png
2024-11-09T09:21:20.897Z - GET /api/admin/users
2024-11-09T09:21:21.264Z - GET /api/admin/users
2024-11-09T09:22:33.997Z - GET /api/user/profile
2024-11-09T09:22:34.273Z - GET /api/user/profile
2024-11-09T09:22:34.280Z - GET /uploads/1731137991770-963721595-Screenshot%20from%202024-10-21%2009-02-56.png
2024-11-09T09:24:40.390Z - GET /api/user/profile
2024-11-09T09:24:40.645Z - GET /api/user/profile
2024-11-09T09:24:40.648Z - GET /uploads/1731137991770-963721595-Screenshot%20from%202024-10-21%2009-02-56.png
2024-11-09T09:24:43.153Z - GET /api/admin/users
2024-11-09T09:24:43.501Z - GET /api/admin/users
2024-11-09T09:25:16.021Z - POST /api/auth/login
2024-11-09T09:25:21.560Z - GET /api/user/profile
2024-11-09T09:25:22.004Z - GET /api/user/profile
2024-11-09T09:25:22.007Z - GET /uploads/1731137991770-963721595-Screenshot%20from%202024-10-21%2009-02-56.png
2024-11-09T09:25:28.560Z - GET /api/user/profile
2024-11-09T09:25:28.763Z - GET /api/user/profile
2024-11-09T09:25:28.766Z - GET /uploads/1731137991770-963721595-Screenshot%20from%202024-10-21%2009-02-56.png
2024-11-09T09:25:34.462Z - GET /api/admin/users
2024-11-09T09:25:34.907Z - GET /api/admin/users
2024-11-09T09:25:40.738Z - GET /api/user/profile
2024-11-09T09:25:41.050Z - GET /api/user/profile
2024-11-09T09:25:41.055Z - GET /uploads/1731137991770-963721595-Screenshot%20from%202024-10-21%2009-02-56.png
2024-11-09T09:25:43.318Z - GET /api/admin/users
2024-11-09T09:25:43.536Z - GET /api/admin/users
2024-11-09T09:28:09.595Z - GET /api/user/profile
2024-11-09T09:28:09.722Z - GET /api/user/profile
2024-11-09T09:28:09.726Z - GET /uploads/1731137991770-963721595-Screenshot%20from%202024-10-21%2009-02-56.png
2024-11-09T09:28:12.425Z - GET /api/admin/users
2024-11-09T09:28:13.016Z - GET /api/admin/users
2024-11-09T09:28:31.263Z - GET /api/user/profile
2024-11-09T09:28:31.443Z - GET /api/user/profile
2024-11-09T09:28:31.446Z - GET /uploads/1731137991770-963721595-Screenshot%20from%202024-10-21%2009-02-56.png
2024-11-09T09:28:33.936Z - GET /api/admin/users
2024-11-09T09:28:34.310Z - GET /api/admin/users
2024-11-09T09:28:37.320Z - GET /api/user/profile
2024-11-09T09:28:37.587Z - GET /api/user/profile
2024-11-09T09:28:37.590Z - GET /uploads/1731137991770-963721595-Screenshot%20from%202024-10-21%2009-02-56.png
2024-11-09T09:34:49.491Z - POST /api/auth/login
2024-11-09T09:34:51.329Z - GET /api/user/profile
2024-11-09T09:34:51.551Z - GET /api/user/profile
2024-11-09T09:34:51.554Z - GET /uploads/1731137991770-963721595-Screenshot%20from%202024-10-21%2009-02-56.png
2024-11-09T09:35:00.061Z - GET /api/admin/users
2024-11-09T09:35:00.564Z - GET /api/admin/users
2024-11-09T09:35:25.903Z - POST /api/ai/recommendations
2024-11-09T09:36:26.287Z - POST /api/ai/recommendations
2024-11-09T09:36:58.789Z - POST /api/ai/sentiment
2024-11-09T09:37:49.818Z - POST /api/ai/recommendations
2024-11-09T09:39:35.916Z - GET /api/user/profile
2024-11-09T09:39:36.221Z - GET /api/user/profile
2024-11-09T09:39:36.225Z - GET /uploads/1731137991770-963721595-Screenshot%20from%202024-10-21%2009-02-56.png
2024-11-09T09:40:08.876Z - POST /api/ai/recommendations
2024-11-09T09:42:22.839Z - POST /api/auth/login
2024-11-09T09:42:26.482Z - GET /api/user/profile
2024-11-09T09:42:26.701Z - GET /api/user/profile
2024-11-09T09:42:26.704Z - GET /uploads/1731137991770-963721595-Screenshot%20from%202024-10-21%2009-02-56.png
2024-11-09T09:42:42.548Z - POST /api/ai/recommendations
2024-11-09T09:44:22.430Z - GET /api/user/profile
2024-11-09T09:44:22.736Z - GET /api/user/profile
2024-11-09T09:44:22.739Z - GET /uploads/1731137991770-963721595-Screenshot%20from%202024-10-21%2009-02-56.png
2024-11-09T09:46:52.729Z - POST /api/ai/recommendations
2024-11-09T09:49:01.716Z - GET /api/user/profile
2024-11-09T09:49:01.881Z - GET /api/user/profile
2024-11-09T09:49:01.885Z - GET /uploads/1731137991770-963721595-Screenshot%20from%202024-10-21%2009-02-56.png
2024-11-09T09:49:07.860Z - GET /api/admin/users
2024-11-09T09:49:08.145Z - GET /api/admin/users
2024-11-09T09:49:12.000Z - GET /api/user/profile
2024-11-09T09:49:12.322Z - GET /api/user/profile
2024-11-09T09:49:12.326Z - GET /uploads/1731137991770-963721595-Screenshot%20from%202024-10-21%2009-02-56.png
2024-11-09T09:49:20.722Z - PUT /api/user/profile
2024-11-09T09:49:23.611Z - GET /api/user/profile
2024-11-09T09:49:23.996Z - GET /api/user/profile
2024-11-09T09:49:26.831Z - GET /api/admin/users
2024-11-09T09:49:27.273Z - GET /api/admin/users
2024-11-09T09:49:43.311Z - POST /api/ai/recommendations
2024-11-09T09:55:38.327Z - POST /api/auth/login
2024-11-09T09:55:40.059Z - GET /api/user/profile
2024-11-09T09:55:40.212Z - GET /api/user/profile
2024-11-09T09:55:43.753Z - GET /api/admin/users
2024-11-09T09:55:44.104Z - GET /api/admin/users
2024-11-09T09:55:46.975Z - GET /api/admin/users
2024-11-09T09:55:47.380Z - GET /api/admin/users
2024-11-09T09:55:50.259Z - GET /api/admin/users
2024-11-09T09:55:50.555Z - GET /api/admin/users
2024-11-09T09:55:52.941Z - GET /api/admin/users
2024-11-09T09:55:53.531Z - GET /api/admin/users
2024-11-09T09:55:55.353Z - GET /api/admin/users
2024-11-09T09:55:55.675Z - GET /api/admin/users
2024-11-09T09:55:57.374Z - GET /api/admin/users
2024-11-09T09:55:57.825Z - GET /api/admin/users
2024-11-09T09:56:03.541Z - GET /api/user/profile
2024-11-09T09:56:03.764Z - GET /api/user/profile
2024-11-09T10:21:18.321Z - POST /api/auth/login
2024-11-09T10:21:20.914Z - GET /api/user/profile
2024-11-09T10:21:21.036Z - GET /api/user/profile
2024-11-09T10:21:27.759Z - GET /api/admin/users
2024-11-09T10:21:28.182Z - GET /api/admin/users
2024-11-09T10:21:34.562Z - GET /api/admin/users
2024-11-09T10:21:34.877Z - GET /api/admin/users
2024-11-09T10:21:37.178Z - GET /api/user/profile
2024-11-09T10:21:37.446Z - GET /api/user/profile
2024-11-09T10:25:26.277Z - POST /api/auth/login
2024-11-09T10:25:27.936Z - GET /api/user/profile
2024-11-09T10:25:28.225Z - GET /api/user/profile
2024-11-09T10:25:35.664Z - POST /api/ai/sentiment
2024-11-09T10:25:51.271Z - POST /api/ai/recommendations
2024-11-09T10:25:59.773Z - GET /api/admin/users
2024-11-09T10:26:00.162Z - GET /api/admin/users
2024-11-09T13:30:24.393Z - POST /api/auth/login
2024-11-09T13:30:26.452Z - GET /api/user/profile
2024-11-09T13:30:26.583Z - GET /api/user/profile
2024-11-09T13:30:50.339Z - POST /api/ai/sentiment
2024-11-09T13:31:18.868Z - POST /api/ai/recommendations
2024-11-09T13:31:28.422Z - GET /api/admin/users
2024-11-09T13:31:28.740Z - GET /api/admin/users
2024-11-09T13:31:56.450Z - POST /api/admin/create
2024-11-09T13:32:00.043Z - GET /api/admin/users
2024-11-09T13:32:00.389Z - GET /api/admin/users
2024-11-09T13:32:00.394Z - GET /
2024-11-09T13:32:15.631Z - POST /api/auth/login
2024-11-09T13:32:17.730Z - GET /api/user/profile
2024-11-09T13:32:17.855Z - GET /api/user/profile
2024-11-09T13:32:24.915Z - PUT /api/user/profile
2024-11-09T13:32:27.749Z - GET /api/user/profile
2024-11-09T13:32:27.879Z - GET /api/user/profile
2024-11-09T13:32:46.171Z - POST /api/auth/login
2024-11-09T13:32:48.566Z - GET /api/admin/users
2024-11-09T13:32:48.847Z - GET /api/admin/users
2024-11-09T13:47:40.492Z - GET /
2024-11-09T13:51:08.843Z - POST /api/auth/login
2024-11-09T13:51:11.655Z - GET /api/admin/users
2024-11-09T13:51:11.915Z - GET /api/admin/users
2024-11-09T13:51:19.136Z - GET /api/user/profile
2024-11-09T13:51:19.265Z - GET /api/user/profile
2024-11-09T13:51:36.768Z - PUT /api/user/profile
2024-11-09T13:51:40.018Z - GET /api/user/profile
2024-11-09T13:51:40.142Z - GET /api/user/profile
2024-11-09T13:51:44.902Z - GET /api/admin/users
2024-11-09T13:51:45.127Z - GET /api/admin/users
2024-11-09T13:51:50.029Z - GET /api/user/profile
2024-11-09T13:51:50.194Z - GET /api/user/profile
2024-11-09T13:51:50.924Z - GET /api/admin/users
2024-11-09T13:51:51.145Z - GET /api/admin/users
2024-11-09T13:51:56.138Z - GET /api/user/profile
2024-11-09T13:51:56.267Z - GET /api/user/profile
2024-11-09T13:52:14.817Z - POST /api/auth/login
2024-11-09T13:52:17.500Z - GET /api/user/profile
2024-11-09T13:52:17.636Z - GET /api/user/profile
2024-11-09T13:52:27.916Z - PUT /api/user/profile
2024-11-09T13:52:39.458Z - POST /api/auth/login
2024-11-09T13:52:42.306Z - GET /api/admin/users
2024-11-09T13:52:42.528Z - GET /api/admin/users
2025-03-04T05:53:38.087Z - POST /api/auth/register
2025-03-04T05:54:03.293Z - POST /api/auth/login
2025-03-04T06:07:42.649Z - POST /api/auth/register
2025-03-04T06:08:07.991Z - POST /api/auth/login
2025-03-04T06:10:02.566Z - POST /api/auth/login
2025-03-04T06:10:09.427Z - GET /api/user/profile
2025-03-04T06:10:09.577Z - GET /api/user/profile
2025-03-04T06:10:39.453Z - PUT /api/user/profile
2025-03-04T06:11:05.243Z - POST /api/ai/recommendations
2025-03-04T06:11:32.336Z - POST /api/ai/recommendations
2025-03-04T06:11:33.069Z - POST /api/ai/recommendations
2025-03-04T06:11:37.093Z - POST /api/ai/recommendations
2025-03-04T06:11:51.707Z - POST /api/ai/sentiment
2025-03-04T06:12:00.201Z - POST /api/ai/sentiment
2025-03-04T06:14:30.233Z - POST /api/ai/sentiment
2025-03-04T06:17:51.595Z - POST /api/ai/recommendations
2025-03-04T06:17:52.370Z - POST /api/ai/recommendations
2025-03-04T06:18:02.285Z - POST /api/ai/recommendations
2025-03-04T06:18:02.744Z - POST /api/ai/recommendations
2025-03-04T06:18:28.757Z - POST /api/auth/login
2025-03-04T06:18:42.507Z - POST /api/ai/sentiment
2025-03-05T02:17:47.383Z - POST /api/auth/register
2025-03-05T02:18:08.779Z - POST /api/auth/login
2025-03-05T02:18:13.172Z - GET /api/user/profile
2025-03-05T02:18:13.313Z - GET /api/user/profile
2025-03-05T02:18:35.215Z - PUT /api/user/profile
2025-03-05T02:18:44.720Z - POST /api/ai/sentiment
2025-03-05T02:19:02.208Z - POST /api/ai/recommendations
2025-03-05T02:19:14.832Z - POST /api/ai/recommendations
2025-03-05T02:19:15.396Z - POST /api/ai/recommendations
2025-03-05T02:19:17.445Z - POST /api/ai/recommendations
2025-03-05T02:19:17.799Z - POST /api/ai/recommendations
2025-03-05T02:19:17.983Z - POST /api/ai/recommendations
2025-03-05T02:19:18.145Z - POST /api/ai/recommendations
2025-03-05T02:19:19.416Z - POST /api/ai/recommendations
2025-03-05T02:19:20.128Z - POST /api/ai/recommendations
2025-03-05T02:19:20.619Z - POST /api/ai/recommendations
2025-03-05T02:19:20.800Z - POST /api/ai/recommendations
2025-03-05T02:19:20.975Z - POST /api/ai/recommendations
2025-03-05T02:19:27.418Z - POST /api/ai/recommendations
2025-03-05T02:19:27.593Z - POST /api/ai/recommendations
2025-03-05T02:19:27.753Z - POST /api/ai/recommendations
2025-03-05T02:19:30.260Z - GET /api/user/profile
2025-03-05T02:19:30.380Z - GET /api/user/profile
2025-03-05T02:23:06.439Z - POST /api/auth/register
2025-03-05T02:23:45.154Z - POST /api/auth/login
2025-03-05T02:24:40.848Z - POST /api/auth/register
2025-03-05T02:25:04.306Z - POST /api/auth/login
2025-03-05T02:25:27.913Z - POST /api/auth/login
2025-03-05T02:25:31.046Z - GET /api/user/profile
2025-03-05T02:25:31.160Z - GET /api/user/profile
2025-03-05T02:26:24.225Z - POST /api/auth/register
2025-03-05T02:26:47.270Z - POST /api/auth/login
2025-03-05T02:31:21.429Z - POST /api/auth/register
2025-03-05T02:31:49.261Z - POST /api/auth/login
2025-03-05T02:32:40.438Z - POST /api/auth/login
2025-03-05T02:32:48.836Z - POST /api/auth/login
2025-03-05T02:33:15.642Z - POST /api/auth/register
2025-03-05T02:33:28.495Z - POST /api/auth/login
2025-04-19T14:45:33.008Z - POST /api/auth/login
2025-04-19T14:45:40.650Z - GET /api/user/profile
2025-04-19T14:45:40.770Z - GET /api/user/profile
2025-04-19T14:45:58.610Z - POST /api/ai/sentiment
2025-04-19T14:46:12.902Z - POST /api/ai/sentiment
2025-04-19T14:46:55.548Z - POST /api/ai/recommendations
2025-04-19T14:46:59.841Z - POST /api/ai/recommendations
2025-04-19T15:29:00.342Z - POST /api/ai/sentiment
2025-04-19T15:53:25.264Z - POST /api/ai/recommendations
2025-04-19T15:54:17.162Z - POST /api/ai/recommendations
2025-04-19T15:54:37.704Z - POST /api/auth/login
2025-04-19T15:54:59.452Z - POST /api/ai/recommendations
2025-04-19T15:59:36.753Z - POST /api/ai/recommendations
2025-04-19T15:59:51.761Z - POST /api/ai/recommendations
2025-04-19T16:00:13.144Z - POST /api/ai/recommendations
2025-04-19T16:01:14.853Z - POST /api/ai/recommendations
2025-04-19T16:01:24.570Z - POST /api/ai/recommendations
2025-04-19T16:01:43.550Z - POST /api/ai/recommendations
2025-04-19T16:02:32.277Z - POST /api/ai/recommendations
2025-04-19T16:04:17.916Z - POST /api/ai/recommendations
2025-04-19T16:04:48.827Z - POST /api/ai/recommendations
2025-04-19T16:34:09.459Z - POST /api/ai/recommendations
2025-04-19T16:34:12.451Z - POST /api/ai/recommendations
2025-04-19T16:34:46.714Z - POST /api/ai/recommendations
2025-04-19T16:34:51.318Z - POST /api/ai/recommendations
2025-04-19T16:34:54.830Z - POST /api/ai/recommendations
2025-04-19T16:35:34.295Z - POST /api/ai/recommendations
2025-04-19T16:35:35.167Z - POST /api/ai/recommendations
2025-04-19T16:35:35.362Z - POST /api/ai/recommendations
2025-04-19T16:35:35.556Z - POST /api/ai/recommendations
2025-04-19T16:35:35.732Z - POST /api/ai/recommendations
2025-04-19T16:35:35.939Z - POST /api/ai/recommendations
2025-04-19T16:35:36.708Z - POST /api/ai/recommendations
2025-04-19T16:35:36.920Z - POST /api/ai/recommendations
2025-04-19T16:35:37.186Z - POST /api/ai/recommendations
2025-04-19T16:35:42.295Z - POST /api/auth/login
2025-04-19T16:35:58.049Z - POST /api/ai/recommendations
2025-04-19T16:36:10.918Z - POST /api/ai/recommendations
2025-04-19T16:36:12.267Z - POST /api/ai/recommendations
2025-04-19T16:36:12.495Z - POST /api/ai/recommendations
2025-04-19T16:36:12.678Z - POST /api/ai/recommendations
2025-04-19T16:36:12.888Z - POST /api/ai/recommendations
2025-04-19T16:36:16.897Z - POST /api/ai/recommendations
2025-04-19T16:36:17.072Z - POST /api/ai/recommendations
2025-04-19T16:36:17.223Z - POST /api/ai/recommendations
2025-04-19T16:36:17.374Z - POST /api/ai/recommendations
2025-04-19T16:38:02.353Z - POST /api/ai/recommendations
2025-04-19T16:38:03.398Z - POST /api/ai/recommendations
2025-04-19T16:38:03.932Z - POST /api/ai/recommendations
2025-04-19T16:38:04.284Z - POST /api/ai/recommendations
2025-04-19T16:38:04.476Z - POST /api/ai/recommendations
2025-04-19T16:38:04.623Z - POST /api/ai/recommendations
2025-04-19T16:38:09.700Z - POST /api/ai/recommendations
2025-04-19T16:38:09.967Z - POST /api/ai/recommendations
2025-04-19T16:38:10.000Z - POST /api/ai/recommendations
2025-04-19T16:38:10.322Z - POST /api/ai/recommendations
2025-04-19T16:38:10.335Z - POST /api/ai/recommendations
2025-04-19T16:38:13.262Z - POST /api/ai/recommendations
2025-04-19T16:38:13.699Z - POST /api/ai/recommendations
2025-04-19T16:38:13.931Z - POST /api/ai/recommendations
2025-04-19T16:38:16.319Z - POST /api/ai/recommendations
2025-04-19T16:48:24.246Z - POST /api/auth/login
2025-04-19T16:48:40.103Z - POST /api/ai/recommendations
2025-04-19T16:59:05.628Z - POST /api/auth/login
2025-04-19T17:02:06.627Z - POST /api/ai/recommendations
2025-04-19T17:04:10.530Z - POST /api/ai/recommendations
2025-04-20T08:04:20.073Z - POST /api/auth/login
2025-04-20T08:05:28.514Z - POST /api/ai/sentiment
2025-04-20T08:06:06.467Z - POST /api/ai/sentiment
2025-04-20T08:09:03.768Z - POST /api/ai/recommendations
2025-04-20T08:09:11.066Z - POST /api/auth/login
2025-04-20T08:09:28.959Z - POST /api/ai/recommendations
2025-04-20T08:28:33.780Z - POST /api/ai/recommendations
2025-04-20T08:31:17.082Z - POST /api/ai/recommendations
2025-04-20T08:36:19.969Z - POST /api/ai/recommendations
2025-04-20T08:41:52.466Z - POST /api/ai/recommendations
2025-04-20T08:42:15.554Z - POST /api/ai/recommendations
2025-04-20T08:42:51.499Z - POST /api/ai/recommendations
2025-04-20T08:44:37.904Z - POST /api/ai/recommendations
2025-04-20T08:45:06.580Z - POST /api/ai/recommendations
2025-04-20T08:46:05.369Z - POST /api/ai/recommendations
2025-04-20T08:47:23.638Z - POST /api/ai/recommendations
2025-04-20T08:48:42.046Z - POST /api/ai/recommendations
2025-04-20T08:51:39.292Z - POST /api/ai/recommendations
2025-04-20T08:52:19.639Z - GET /api/user/profile
2025-04-20T08:52:19.844Z - GET /api/user/profile
